Python 3.6.6 (default, Jun 28 2018, 04:42:43) 
[GCC 5.4.0 20160609] on linux
Type "copyright", "credits" or "license()" for more information.
>>> 
============= RESTART: /home/scman1/verify_gti/herbarium_gtiv.py =============
2018-10-17 16:59:31
Traceback (most recent call last):
  File "/home/scman1/verify_gti/herbarium_gtiv.py", line 477, in <module>
    verify_label_colors(dest_dir)
  File "/home/scman1/verify_gti/herbarium_gtiv.py", line 306, in verify_label_colors
    if len(colours)>4 or incorrect_label_colour == 1:
UnboundLocalError: local variable 'incorrect_label_colour' referenced before assignment
>>> 
============= RESTART: /home/scman1/verify_gti/herbarium_gtiv.py =============
2018-10-17 17:00:06
BM000075813_labels.png 4 ok [(0, 0, 0), (255, 0, 0), (255, 255, 0), (255, 255, 255)]
BM000500117_labels.png 4 ok [(0, 0, 0), (255, 0, 0), (255, 255, 0), (255, 255, 255)]
BM000501121_labels.png 4 ok [(0, 0, 0), (255, 0, 0), (255, 255, 0), (255, 255, 255)]
BM000517025_labels.png 4 ok [(0, 0, 0), (255, 0, 0), (255, 255, 0), (255, 255, 255)]
BM000521570_labels.png 4 ok [(0, 0, 0), (255, 0, 0), (255, 255, 0), (255, 255, 255)]
BM000521755_labels.png 4 ok [(0, 0, 0), (255, 0, 0), (255, 255, 0), (255, 255, 255)]
BM000521866_labels.png 4 ok [(0, 0, 0), (255, 0, 0), (255, 255, 0), (255, 255, 255)]
BM000521903_labels.png 4 ok [(0, 0, 0), (255, 0, 0), (255, 255, 0), (255, 255, 255)]
BM000522091_labels.png 4 ok [(0, 0, 0), (255, 0, 0), (255, 255, 0), (255, 255, 255)]
BM000546829_labels.png 4 ok [(0, 0, 0), (255, 0, 0), (255, 255, 0), (255, 255, 255)]
BM000547082_labels.png 4 ok [(0, 0, 0), (255, 0, 0), (255, 255, 0), (255, 255, 255)]
BM000551636_labels.png 4 ok [(0, 0, 0), (255, 0, 0), (255, 255, 0), (255, 255, 255)]
BM000561307_labels.png 4 ok [(0, 0, 0), (255, 0, 0), (255, 255, 0), (255, 255, 255)]
BM000562804_labels.png 4 ok [(0, 0, 0), (255, 0, 0), (255, 255, 0), (255, 255, 255)]
BM000574146_labels.png 4 ok [(0, 0, 0), (255, 0, 0), (255, 255, 0), (255, 255, 255)]
BM000583717_labels.png 4 ok [(0, 0, 0), (255, 0, 0), (255, 255, 0), (255, 255, 255)]
BM000625315_labels.png 4 ok [(0, 0, 0), (255, 0, 0), (255, 255, 0), (255, 255, 255)]
BM000625345_labels.png 4 ok [(0, 0, 0), (255, 0, 0), (255, 255, 0), (255, 255, 255)]
BM000625363_labels.png 4 ok [(0, 0, 0), (255, 0, 0), (255, 255, 0), (255, 255, 255)]
BM000648870_labels.png 4 ok [(0, 0, 0), (255, 0, 0), (255, 255, 0), (255, 255, 255)]
BM000796649_labels.png 4 ok [(0, 0, 0), (255, 0, 0), (255, 255, 0), (255, 255, 255)]
BM000798777_labels.png 4 ok [(0, 0, 0), (255, 0, 0), (255, 255, 0), (255, 255, 255)]
BM000799936_labels.png 4 ok [(0, 0, 0), (255, 0, 0), (255, 255, 0), (255, 255, 255)]
BR0000005158874_labels.png 4 ok [(0, 0, 0), (255, 0, 0), (255, 255, 0), (255, 255, 255)]
BR0000005505173_labels.png 4 ok [(0, 0, 0), (255, 0, 0), (255, 255, 0), (255, 255, 255)]
BR0000005619498_labels.png 4 ok [(0, 0, 0), (255, 0, 0), (255, 255, 0), (255, 255, 255)]
BR0000005619801_labels.png 4 ok [(0, 0, 0), (255, 0, 0), (255, 255, 0), (255, 255, 255)]
BR0000005639113_labels.png 4 ok [(0, 0, 0), (255, 0, 0), (255, 255, 0), (255, 255, 255)]
BR0000005701353_labels.png 4 ok [(0, 0, 0), (255, 0, 0), (255, 255, 0), (255, 255, 255)]
BR0000005785315_labels.png 4 ok [(0, 0, 0), (255, 0, 0), (255, 255, 0), (255, 255, 255)]
BR0000005859337_labels.png 4 ok [(0, 0, 0), (255, 0, 0), (255, 255, 0), (255, 255, 255)]
BR0000005859351_labels.png 4 ok [(0, 0, 0), (255, 0, 0), (255, 255, 0), (255, 255, 255)]
BR0000005859665_labels.png 4 ok [(0, 0, 0), (255, 0, 0), (255, 255, 0), (255, 255, 255)]
BR0000005906826_labels.png 4 ok [(0, 0, 0), (255, 0, 0), (255, 255, 0), (255, 255, 255)]
BR0000005907694_labels.png 4 ok [(0, 0, 0), (255, 0, 0), (255, 255, 0), (255, 255, 255)]
BR0000006250690_labels.png 4 ok [(0, 0, 0), (255, 0, 0), (255, 255, 0), (255, 255, 255)]
BR0000006490454_labels.png 4 ok [(0, 0, 0), (255, 0, 0), (255, 255, 0), (255, 255, 255)]
BR0000006918378_labels.png 4 ok [(0, 0, 0), (255, 0, 0), (255, 255, 0), (255, 255, 255)]
BR0000008245434_labels.png 4 ok [(0, 0, 0), (255, 0, 0), (255, 255, 0), (255, 255, 255)]
BR0000008697363_labels.png 4 ok [(0, 0, 0), (255, 0, 0), (255, 255, 0), (255, 255, 255)]
BR0000008719041_labels.png 4 ok [(0, 0, 0), (255, 0, 0), (255, 255, 0), (255, 255, 255)]
BR0000008864185_labels.png 4 ok [(0, 0, 0), (255, 0, 0), (255, 255, 0), (255, 255, 255)]
BR0000008967527_labels.png 4 ok [(0, 0, 0), (255, 0, 0), (255, 255, 0), (255, 255, 255)]
BR0000009199590_labels.png 4 ok [(0, 0, 0), (255, 0, 0), (255, 255, 0), (255, 255, 255)]
BR0000012450015_labels.png 4 ok [(0, 0, 0), (255, 0, 0), (255, 255, 0), (255, 255, 255)]
BR0000013091514_labels.png 4 ok [(0, 0, 0), (255, 0, 0), (255, 255, 0), (255, 255, 255)]
BR0000013091521_labels.png 4 ok [(0, 0, 0), (255, 0, 0), (255, 255, 0), (255, 255, 255)]
B_10_0002520_labels.png 3 ok [(0, 0, 0), (255, 0, 0), (255, 255, 255)]
B_10_0002521_labels.png 3 ok [(0, 0, 0), (255, 0, 0), (255, 255, 255)]
B_10_0002884_labels.png 3 ok [(0, 0, 0), (255, 0, 0), (255, 255, 255)]
B_10_0003200_labels.png 4 ok [(0, 0, 0), (255, 0, 0), (255, 255, 0), (255, 255, 255)]
B_10_0003450_labels.png 3 ok [(0, 0, 0), (255, 0, 0), (255, 255, 255)]
B_10_0003463_labels.png 3 ok [(0, 0, 0), (255, 0, 0), (255, 255, 255)]
B_10_0003483_labels.png 3 ok [(0, 0, 0), (255, 0, 0), (255, 255, 255)]
B_10_0003484_labels.png 3 ok [(0, 0, 0), (255, 0, 0), (255, 255, 255)]
B_10_0003487_labels.png 3 ok [(0, 0, 0), (255, 0, 0), (255, 255, 255)]
B_10_0005500_labels.png 3 ok [(0, 0, 0), (255, 0, 0), (255, 255, 255)]
B_10_0030420_labels.png 4 ok [(0, 0, 0), (255, 0, 0), (255, 255, 0), (255, 255, 255)]
B_10_0046042_labels.png 3 ok [(0, 0, 0), (255, 0, 0), (255, 255, 255)]
B_10_0049579_labels.png 4 ok [(0, 0, 0), (255, 0, 0), (255, 255, 0), (255, 255, 255)]
B_10_0066610_labels.png 3 ok [(0, 0, 0), (255, 0, 0), (255, 255, 255)]
B_10_0069251_labels.png 3 ok [(0, 0, 0), (255, 0, 0), (255, 255, 255)]
B_10_0086706_labels.png 3 ok [(0, 0, 0), (255, 0, 0), (255, 255, 255)]
B_10_0088191_labels.png 4 ok [(0, 0, 0), (255, 0, 0), (255, 255, 0), (255, 255, 255)]
B_10_0089444_labels.png 3 ok [(0, 0, 0), (255, 0, 0), (255, 255, 255)]
B_10_0089598_labels.png 3 ok [(0, 0, 0), (255, 0, 0), (255, 255, 255)]
B_10_0089768_labels.png 3 ok [(0, 0, 0), (255, 0, 0), (255, 255, 255)]
B_10_0114359_labels.png 3 ok [(0, 0, 0), (255, 0, 0), (255, 255, 255)]
B_10_0127220_labels.png 3 ok [(0, 0, 0), (255, 0, 0), (255, 255, 255)]
B_10_0157339_labels.png 3 ok [(0, 0, 0), (255, 0, 0), (255, 255, 255)]
B_10_0172760_labels.png 3 ok [(0, 0, 0), (255, 0, 0), (255, 255, 255)]
E00001162_labels.png 4 ok [(0, 0, 0), (255, 0, 0), (255, 255, 0), (255, 255, 255)]
E00015443_labels.png 4 ok [(0, 0, 0), (255, 0, 0), (255, 255, 0), (255, 255, 255)]
E00015458_labels.png 4 ok [(0, 0, 0), (255, 0, 0), (255, 255, 0), (255, 255, 255)]
E00016304_labels.png 4 ok [(0, 0, 0), (255, 0, 0), (255, 255, 0), (255, 255, 255)]
E00020889_labels.png 4 ok [(0, 0, 0), (255, 0, 0), (255, 255, 0), (255, 255, 255)]
E00024129_labels.png 4 ok [(0, 0, 0), (255, 0, 0), (255, 255, 0), (255, 255, 255)]
E00024667_labels.png 4 ok [(0, 0, 0), (255, 0, 0), (255, 255, 0), (255, 255, 255)]
E00024823_labels.png 4 ok [(0, 0, 0), (255, 0, 0), (255, 255, 0), (255, 255, 255)]
E00026748_labels.png 4 ok [(0, 0, 0), (255, 0, 0), (255, 255, 0), (255, 255, 255)]
E00026850_labels.png 4 ok [(0, 0, 0), (255, 0, 0), (255, 255, 0), (255, 255, 255)]
E00049052_labels.png 4 ok [(0, 0, 0), (255, 0, 0), (255, 255, 0), (255, 255, 255)]
E00058993_labels.png 4 ok [(0, 0, 0), (255, 0, 0), (255, 255, 0), (255, 255, 255)]
E00059670_labels.png 4 ok [(0, 0, 0), (255, 0, 0), (255, 255, 0), (255, 255, 255)]
E00062538_labels.png 4 ok [(0, 0, 0), (255, 0, 0), (255, 255, 0), (255, 255, 255)]
E00062569_labels.png 4 ok [(0, 0, 0), (255, 0, 0), (255, 255, 0), (255, 255, 255)]
E00064130_labels.png 4 ok [(0, 0, 0), (255, 0, 0), (255, 255, 0), (255, 255, 255)]
E00064237_labels.png 4 ok [(0, 0, 0), (255, 0, 0), (255, 255, 0), (255, 255, 255)]
E00064383_labels.png 4 ok [(0, 0, 0), (255, 0, 0), (255, 255, 0), (255, 255, 255)]
E00065413_labels.png 4 ok [(0, 0, 0), (255, 0, 0), (255, 255, 0), (255, 255, 255)]
E00065427_labels.png 4 ok [(0, 0, 0), (255, 0, 0), (255, 255, 0), (255, 255, 255)]
E00065926_labels.png 4 ok [(0, 0, 0), (255, 0, 0), (255, 255, 0), (255, 255, 255)]
E00067488_labels.png 4 ok [(0, 0, 0), (255, 0, 0), (255, 255, 0), (255, 255, 255)]
E00071177_labels.png 4 ok [(0, 0, 0), (255, 0, 0), (255, 255, 0), (255, 255, 255)]
E00072327_labels.png 4 ok [(0, 0, 0), (255, 0, 0), (255, 255, 0), (255, 255, 255)]
E00073048_labels.png 4 ok [(0, 0, 0), (255, 0, 0), (255, 255, 0), (255, 255, 255)]
E00074392_labels.png 4 ok [(0, 0, 0), (255, 0, 0), (255, 255, 0), (255, 255, 255)]
E00074915_labels.png 4 ok [(0, 0, 0), (255, 0, 0), (255, 255, 0), (255, 255, 255)]
E00087190_labels.png 4 ok [(0, 0, 0), (255, 0, 0), (255, 255, 0), (255, 255, 255)]
E00088095_labels.png 4 ok [(0, 0, 0), (255, 0, 0), (255, 255, 0), (255, 255, 255)]
E00094197_labels.png 4 ok [(0, 0, 0), (255, 0, 0), (255, 255, 0), (255, 255, 255)]
E00105239_labels.png 4 ok [(0, 0, 0), (255, 0, 0), (255, 255, 0), (255, 255, 255)]
E00112411_labels.png 4 ok [(0, 0, 0), (255, 0, 0), (255, 255, 0), (255, 255, 255)]
E00113189_labels.png 4 ok [(0, 0, 0), (255, 0, 0), (255, 255, 0), (255, 255, 255)]
E00117381_labels.png 4 ok [(0, 0, 0), (255, 0, 0), (255, 255, 0), (255, 255, 255)]
E00117382_labels.png 4 ok [(0, 0, 0), (255, 0, 0), (255, 255, 0), (255, 255, 255)]
E00120460_labels.png 4 ok [(0, 0, 0), (255, 0, 0), (255, 255, 0), (255, 255, 255)]
E00127288_labels.png 4 ok [(0, 0, 0), (255, 0, 0), (255, 255, 0), (255, 255, 255)]
E00128162_labels.png 4 ok [(0, 0, 0), (255, 0, 0), (255, 255, 0), (255, 255, 255)]
E00134418_labels.png 4 ok [(0, 0, 0), (255, 0, 0), (255, 255, 0), (255, 255, 255)]
E00134537_labels.png 4 ok [(0, 0, 0), (255, 0, 0), (255, 255, 0), (255, 255, 255)]
E00137807_labels.png 4 ok [(0, 0, 0), (255, 0, 0), (255, 255, 0), (255, 255, 255)]
E00141058_labels.png 4 ok [(0, 0, 0), (255, 0, 0), (255, 255, 0), (255, 255, 255)]
E00144488_labels.png 4 ok [(0, 0, 0), (255, 0, 0), (255, 255, 0), (255, 255, 255)]
EIG.1060_labels.png 4 ok [(0, 0, 0), (255, 0, 0), (255, 255, 0), (255, 255, 255)]
EIG.1068_labels.png 4 ok [(0, 0, 0), (255, 0, 0), (255, 255, 0), (255, 255, 255)]
EIG.1074_labels.png 4 ok [(0, 0, 0), (255, 0, 0), (255, 255, 0), (255, 255, 255)]
EIG.1261_labels.png 4 ok [(0, 0, 0), (255, 0, 0), (255, 255, 0), (255, 255, 255)]
EIG.1651_labels.png 4 ok [(0, 0, 0), (255, 0, 0), (255, 255, 0), (255, 255, 255)]
EIG.2190_labels.png 4 ok [(0, 0, 0), (255, 0, 0), (255, 255, 0), (255, 255, 255)]
EIG.2377_labels.png 4 ok [(0, 0, 0), (255, 0, 0), (255, 255, 0), (255, 255, 255)]
EIG.2379_labels.png 4 ok [(0, 0, 0), (255, 0, 0), (255, 255, 0), (255, 255, 255)]
EIG.2380_labels.png 4 ok [(0, 0, 0), (255, 0, 0), (255, 255, 0), (255, 255, 255)]
EIG.2381_labels.png 4 ok [(0, 0, 0), (255, 0, 0), (255, 255, 0), (255, 255, 255)]
EIG.2382_labels.png 4 ok [(0, 0, 0), (255, 0, 0), (255, 255, 0), (255, 255, 255)]
EIG.2748_labels.png 4 ok [(0, 0, 0), (255, 0, 0), (255, 255, 0), (255, 255, 255)]
EIG.2751_labels.png 4 ok [(0, 0, 0), (255, 0, 0), (255, 255, 0), (255, 255, 255)]
EIG.2770_labels.png 4 ok [(0, 0, 0), (255, 0, 0), (255, 255, 0), (255, 255, 255)]
EIG.2840_labels.png 4 ok [(0, 0, 0), (255, 0, 0), (255, 255, 0), (255, 255, 255)]
EIG.3022_labels.png 4 ok [(0, 0, 0), (255, 0, 0), (255, 255, 0), (255, 255, 255)]
EIG.381_labels.png 4 ok [(0, 0, 0), (255, 0, 0), (255, 255, 0), (255, 255, 255)]
EIG.436_labels.png 4 ok [(0, 0, 0), (255, 0, 0), (255, 255, 0), (255, 255, 255)]
EIG.437_labels.png 4 ok [(0, 0, 0), (255, 0, 0), (255, 255, 0), (255, 255, 255)]
EIG.5686_labels.png 4 ok [(0, 0, 0), (255, 0, 0), (255, 255, 0), (255, 255, 255)]
EIG.6494_labels.png 4 ok [(0, 0, 0), (255, 0, 0), (255, 255, 0), (255, 255, 255)]
EIG.6714_labels.png 4 ok [(0, 0, 0), (255, 0, 0), (255, 255, 0), (255, 255, 255)]
EIG.6727_labels.png 4 ok [(0, 0, 0), (255, 0, 0), (255, 255, 0), (255, 255, 255)]
EIG.6762_labels.png 4 ok [(0, 0, 0), (255, 0, 0), (255, 255, 0), (255, 255, 255)]
EIG.6763_labels.png 4 ok [(0, 0, 0), (255, 0, 0), (255, 255, 0), (255, 255, 255)]
EIG.6951_labels.png 4 ok [(0, 0, 0), (255, 0, 0), (255, 255, 0), (255, 255, 255)]
EIG.7034_labels.png 4 ok [(0, 0, 0), (255, 0, 0), (255, 255, 0), (255, 255, 255)]
EIG.7053_labels.png 4 ok [(0, 0, 0), (255, 0, 0), (255, 255, 0), (255, 255, 255)]
EIG.7060_labels.png 4 ok [(0, 0, 0), (255, 0, 0), (255, 255, 0), (255, 255, 255)]
EIG.7061_labels.png 4 ok [(0, 0, 0), (255, 0, 0), (255, 255, 0), (255, 255, 255)]
EIG.7145_labels.png 4 ok [(0, 0, 0), (255, 0, 0), (255, 255, 0), (255, 255, 255)]
EIG.7147_labels.png 4 ok [(0, 0, 0), (255, 0, 0), (255, 255, 0), (255, 255, 255)]
EIG.7151_labels.png 4 ok [(0, 0, 0), (255, 0, 0), (255, 255, 0), (255, 255, 255)]
EIG.7234_labels.png 4 ok [(0, 0, 0), (255, 0, 0), (255, 255, 0), (255, 255, 255)]
EIG.7443_labels.png 4 ok [(0, 0, 0), (255, 0, 0), (255, 255, 0), (255, 255, 255)]
EIG.7613_labels.png 4 ok [(0, 0, 0), (255, 0, 0), (255, 255, 0), (255, 255, 255)]
EIG.7743_labels.png 4 ok [(0, 0, 0), (255, 0, 0), (255, 255, 0), (255, 255, 255)]
EIG.7788_labels.png 4 ok [(0, 0, 0), (255, 0, 0), (255, 255, 0), (255, 255, 255)]
EIG.7879_labels.png 4 ok [(0, 0, 0), (255, 0, 0), (255, 255, 0), (255, 255, 255)]
EIG.8123_labels.png 4 ok [(0, 0, 0), (255, 0, 0), (255, 255, 0), (255, 255, 255)]
EIG.8145_labels.png 4 ok [(0, 0, 0), (255, 0, 0), (255, 255, 0), (255, 255, 255)]
EIG.8147_labels.png 4 ok [(0, 0, 0), (255, 0, 0), (255, 255, 0), (255, 255, 255)]
EIG.8322_labels.png 4 ok [(0, 0, 0), (255, 0, 0), (255, 255, 0), (255, 255, 255)]
H.1027349_labels.png 4 ok [(0, 0, 0), (255, 0, 0), (255, 255, 0), (255, 255, 255)]
H.1027364_labels.png 4 ok [(0, 0, 0), (255, 0, 0), (255, 255, 0), (255, 255, 255)]
H.1034530_labels.png 4 ok [(0, 0, 0), (255, 0, 0), (255, 255, 0), (255, 255, 255)]
H.1056221_labels.png 4 ok [(0, 0, 0), (255, 0, 0), (255, 255, 0), (255, 255, 255)]
H.1056223_labels.png 4 ok [(0, 0, 0), (255, 0, 0), (255, 255, 0), (255, 255, 255)]
H.1056231_labels.png 4 ok [(0, 0, 0), (255, 0, 0), (255, 255, 0), (255, 255, 255)]
H.1069760_labels.png 4 ok [(0, 0, 0), (255, 0, 0), (255, 255, 0), (255, 255, 255)]
H.1073986_labels.png 4 ok [(0, 0, 0), (255, 0, 0), (255, 255, 0), (255, 255, 255)]
K000013094_labels.png 4 ok [(0, 0, 0), (255, 0, 0), (255, 255, 0), (255, 255, 255)]
K000018358_labels.png 4 ok [(0, 0, 0), (255, 0, 0), (255, 255, 0), (255, 255, 255)]
K000025814_labels.png 4 ok [(0, 0, 0), (255, 0, 0), (255, 255, 0), (255, 255, 255)]
K000049450_labels.png 4 ok [(0, 0, 0), (255, 0, 0), (255, 255, 0), (255, 255, 255)]
K000056711_labels.png 4 ok [(0, 0, 0), (255, 0, 0), (255, 255, 0), (255, 255, 255)]
K000203580_labels.png 4 ok [(0, 0, 0), (255, 0, 0), (255, 255, 0), (255, 255, 255)]
K000242782_labels.png 4 ok [(0, 0, 0), (255, 0, 0), (255, 255, 0), (255, 255, 255)]
K000345684_labels.png 4 ok [(0, 0, 0), (255, 0, 0), (255, 255, 0), (255, 255, 255)]
K000363593_labels.png 4 ok [(0, 0, 0), (255, 0, 0), (255, 255, 0), (255, 255, 255)]
K000406288_labels.png 4 ok [(0, 0, 0), (255, 0, 0), (255, 255, 0), (255, 255, 255)]
K000414594_labels.png 4 ok [(0, 0, 0), (255, 0, 0), (255, 255, 0), (255, 255, 255)]
K000432519_labels.png 4 ok [(0, 0, 0), (255, 0, 0), (255, 255, 0), (255, 255, 255)]
K000536956_labels.png 4 ok [(0, 0, 0), (255, 0, 0), (255, 255, 0), (255, 255, 255)]
K000543516_labels.png 4 ok [(0, 0, 0), (255, 0, 0), (255, 255, 0), (255, 255, 255)]
K000555694_labels.png 4 ok [(0, 0, 0), (255, 0, 0), (255, 255, 0), (255, 255, 255)]
K000773108_labels.png 4 ok [(0, 0, 0), (255, 0, 0), (255, 255, 0), (255, 255, 255)]
K000773177_labels.png 4 ok [(0, 0, 0), (255, 0, 0), (255, 255, 0), (255, 255, 255)]
K000807303_labels.png 4 ok [(0, 0, 0), (255, 0, 0), (255, 255, 0), (255, 255, 255)]
K000811192_labels.png 4 ok [(0, 0, 0), (255, 0, 0), (255, 255, 0), (255, 255, 255)]
K000821274_labels.png 4 ok [(0, 0, 0), (255, 0, 0), (255, 255, 0), (255, 255, 255)]
K000821741_labels.png 4 ok [(0, 0, 0), (255, 0, 0), (255, 255, 0), (255, 255, 255)]
K000828739_labels.png 4 ok [(0, 0, 0), (255, 0, 0), (255, 255, 0), (255, 255, 255)]
K000830619_labels.png 4 ok [(0, 0, 0), (255, 0, 0), (255, 255, 0), (255, 255, 255)]
K000833124_labels.png 4 ok [(0, 0, 0), (255, 0, 0), (255, 255, 0), (255, 255, 255)]
K000912136_labels.png 4 ok [(0, 0, 0), (255, 0, 0), (255, 255, 0), (255, 255, 255)]
K000912223_labels.png 4 ok [(0, 0, 0), (255, 0, 0), (255, 255, 0), (255, 255, 255)]
K000930539_labels.png 4 ok [(0, 0, 0), (255, 0, 0), (255, 255, 0), (255, 255, 255)]
K000954210_labels.png 4 ok [(0, 0, 0), (255, 0, 0), (255, 255, 0), (255, 255, 255)]
K000965982_labels.png 4 ok [(0, 0, 0), (255, 0, 0), (255, 255, 0), (255, 255, 255)]
K000972625_labels.png 4 ok [(0, 0, 0), (255, 0, 0), (255, 255, 0), (255, 255, 255)]
K000996455_labels.png 4 ok [(0, 0, 0), (255, 0, 0), (255, 255, 0), (255, 255, 255)]
K001031711_labels.png 4 ok [(0, 0, 0), (255, 0, 0), (255, 255, 0), (255, 255, 255)]
K001044911_labels.png 4 ok [(0, 0, 0), (255, 0, 0), (255, 255, 0), (255, 255, 255)]
K001049375_labels.png 4 ok [(0, 0, 0), (255, 0, 0), (255, 255, 0), (255, 255, 255)]
K001054528_labels.png 4 ok [(0, 0, 0), (255, 0, 0), (255, 255, 0), (255, 255, 255)]
K001136340_labels.png 4 ok [(0, 0, 0), (255, 0, 0), (255, 255, 0), (255, 255, 255)]
L.1188986_labels.png 4 ok [(0, 0, 0), (255, 0, 0), (255, 255, 0), (255, 255, 255)]
L.1339282_labels.png 4 ok [(0, 0, 0), (255, 0, 0), (255, 255, 0), (255, 255, 255)]
L.1374725_labels.png 4 ok [(0, 0, 0), (255, 0, 0), (255, 255, 0), (255, 255, 255)]
L.1408236_labels.png 4 ok [(0, 0, 0), (255, 0, 0), (255, 255, 0), (255, 255, 255)]
L.1421587_labels.png 4 ok [(0, 0, 0), (255, 0, 0), (255, 255, 0), (255, 255, 255)]
L.1490251_labels.png 4 ok [(0, 0, 0), (255, 0, 0), (255, 255, 0), (255, 255, 255)]
L.1537752_labels.png 4 ok [(0, 0, 0), (255, 0, 0), (255, 255, 0), (255, 255, 255)]
L.1616068_labels.png 4 ok [(0, 0, 0), (255, 0, 0), (255, 255, 0), (255, 255, 255)]
L.1620333_labels.png 4 ok [(0, 0, 0), (255, 0, 0), (255, 255, 0), (255, 255, 255)]
L.1751618_labels.png 4 ok [(0, 0, 0), (255, 0, 0), (255, 255, 0), (255, 255, 255)]
L.1785984_labels.png 4 ok [(0, 0, 0), (255, 0, 0), (255, 255, 0), (255, 255, 255)]
L.1794692_labels.png 4 ok [(0, 0, 0), (255, 0, 0), (255, 255, 0), (255, 255, 255)]
L.1805114_labels.png 4 ok [(0, 0, 0), (255, 0, 0), (255, 255, 0), (255, 255, 255)]
L.1933299_labels.png 4 ok [(0, 0, 0), (255, 0, 0), (255, 255, 0), (255, 255, 255)]
L.1934962_labels.png 4 ok [(0, 0, 0), (255, 0, 0), (255, 255, 0), (255, 255, 255)]
L.2074028_labels.png 4 ok [(0, 0, 0), (255, 0, 0), (255, 255, 0), (255, 255, 255)]
L.2074347_labels.png 4 ok [(0, 0, 0), (255, 0, 0), (255, 255, 0), (255, 255, 255)]
L.2109497_labels.png 4 ok [(0, 0, 0), (255, 0, 0), (255, 255, 0), (255, 255, 255)]
L.2116756_labels.png 4 ok [(0, 0, 0), (255, 0, 0), (255, 255, 0), (255, 255, 255)]
L.2153797_labels.png 4 ok [(0, 0, 0), (255, 0, 0), (255, 255, 0), (255, 255, 255)]
L.2168354_labels.png 4 ok [(0, 0, 0), (255, 0, 0), (255, 255, 0), (255, 255, 255)]
L.2180891_labels.png 4 ok [(0, 0, 0), (255, 0, 0), (255, 255, 0), (255, 255, 255)]
L.2258736_labels.png 4 ok [(0, 0, 0), (255, 0, 0), (255, 255, 0), (255, 255, 255)]
L.2259981_labels.png 4 ok [(0, 0, 0), (255, 0, 0), (255, 255, 0), (255, 255, 255)]
L.2291420_labels.png 4 ok [(0, 0, 0), (255, 0, 0), (255, 255, 0), (255, 255, 255)]
L.2489324_labels.png 4 ok [(0, 0, 0), (255, 0, 0), (255, 255, 0), (255, 255, 255)]
L.2509958_labels.png 4 ok [(0, 0, 0), (255, 0, 0), (255, 255, 0), (255, 255, 255)]
L.2571799_labels.png 4 ok [(0, 0, 0), (255, 0, 0), (255, 255, 0), (255, 255, 255)]
L.2592773_labels.png 4 ok [(0, 0, 0), (255, 0, 0), (255, 255, 0), (255, 255, 255)]
L.2608838_labels.png 4 ok [(0, 0, 0), (255, 0, 0), (255, 255, 0), (255, 255, 255)]
L.3474871_labels.png 4 ok [(0, 0, 0), (255, 0, 0), (255, 255, 0), (255, 255, 255)]
L.3499241_labels.png 4 ok [(0, 0, 0), (255, 0, 0), (255, 255, 0), (255, 255, 255)]
L.3548739_labels.png 4 ok [(0, 0, 0), (255, 0, 0), (255, 255, 0), (255, 255, 255)]
L.3575783_labels.png 4 ok [(0, 0, 0), (255, 0, 0), (255, 255, 0), (255, 255, 255)]
L.3602388_labels.png 4 ok [(0, 0, 0), (255, 0, 0), (255, 255, 0), (255, 255, 255)]
L_0007231_labels.png 4 ok [(0, 0, 0), (255, 0, 0), (255, 255, 0), (255, 255, 255)]
L_0007337_labels.png 4 ok [(0, 0, 0), (255, 0, 0), (255, 255, 0), (255, 255, 255)]
L_0014277_labels.png 4 ok [(0, 0, 0), (255, 0, 0), (255, 255, 0), (255, 255, 255)]
L_0044156_labels.png 4 ok [(0, 0, 0), (255, 0, 0), (255, 255, 0), (255, 255, 255)]
L_0044240_labels.png 4 ok [(0, 0, 0), (255, 0, 0), (255, 255, 0), (255, 255, 255)]
L_0052013_labels.png 4 ok [(0, 0, 0), (255, 0, 0), (255, 255, 0), (255, 255, 255)]
L_0059912_labels.png 4 ok [(0, 0, 0), (255, 0, 0), (255, 255, 0), (255, 255, 255)]
L_0491067_labels.png 4 ok [(0, 0, 0), (255, 0, 0), (255, 255, 0), (255, 255, 255)]
P00451097_labels.png 3 ok [(0, 0, 0), (255, 0, 0), (255, 255, 255)]
P00642147_labels.png 4 ok [(0, 0, 0), (255, 0, 0), (255, 255, 0), (255, 255, 255)]
P00643727_labels.png 4 ok [(0, 0, 0), (255, 0, 0), (255, 255, 0), (255, 255, 255)]
P00713047_labels.png 4 ok [(0, 0, 0), (255, 0, 0), (255, 255, 0), (255, 255, 255)]
P02132367_labels.png 3 ok [(0, 0, 0), (255, 0, 0), (255, 255, 255)]
P02733867_labels.png 3 ok [(0, 0, 0), (255, 0, 0), (255, 255, 255)]
2018-10-17 17:18:04
>>> 
