Sun 21 Oct 10:26:58 BST 2018
2018-10-21 09:26:58
OK:in BM000075813_instances.png ( 1653408 ) BM000075813_labels.png ( 1653408 )
OK:in BM000500117_instances.png ( 1384075 ) BM000500117_labels.png ( 1384075 )
OK:in BM000501121_instances.png ( 1712729 ) BM000501121_labels.png ( 1712729 )
OK:in BM000517025_instances.png ( 1667951 ) BM000517025_labels.png ( 1667951 )
OK:in BM000521570_instances.png ( 1738676 ) BM000521570_labels.png ( 1738676 )
OK:in BM000521755_instances.png ( 1496269 ) BM000521755_labels.png ( 1496269 )
OK:in BM000521866_instances.png ( 1716816 ) BM000521866_labels.png ( 1716816 )
OK:in BM000521903_instances.png ( 1703540 ) BM000521903_labels.png ( 1703540 )
OK:in BM000522091_instances.png ( 1632579 ) BM000522091_labels.png ( 1632579 )
OK:in BM000546829_instances.png ( 1733676 ) BM000546829_labels.png ( 1733676 )
OK:in BM000547082_instances.png ( 1620001 ) BM000547082_labels.png ( 1620001 )
OK:in BM000551636_instances.png ( 1625298 ) BM000551636_labels.png ( 1625298 )
OK:in BM000561307_instances.png ( 1683561 ) BM000561307_labels.png ( 1683561 )
OK:in BM000562804_instances.png ( 1817397 ) BM000562804_labels.png ( 1817397 )
OK:in BM000574146_instances.png ( 1696578 ) BM000574146_labels.png ( 1696578 )
OK:in BM000583717_instances.png ( 1481042 ) BM000583717_labels.png ( 1481042 )
OK:in BM000625315_instances.png ( 1689517 ) BM000625315_labels.png ( 1689517 )
OK:in BM000625345_instances.png ( 1892755 ) BM000625345_labels.png ( 1892755 )
OK:in BM000625363_instances.png ( 1910930 ) BM000625363_labels.png ( 1910930 )
OK:in BM000648870_instances.png ( 1830734 ) BM000648870_labels.png ( 1830734 )
OK:in BM000796649_instances.png ( 1641863 ) BM000796649_labels.png ( 1641863 )
OK:in BM000798777_instances.png ( 1769773 ) BM000798777_labels.png ( 1769773 )
OK:in BM000799936_instances.png ( 1583104 ) BM000799936_labels.png ( 1583104 )
OK:in BR0000005158874_instances.png ( 1702651 ) BR0000005158874_labels.png ( 1702651 )
OK:in BR0000005505173_instances.png ( 1678739 ) BR0000005505173_labels.png ( 1678739 )
OK:in BR0000005619498_instances.png ( 1687610 ) BR0000005619498_labels.png ( 1687610 )
OK:in BR0000005619801_instances.png ( 1639501 ) BR0000005619801_labels.png ( 1639501 )
OK:in BR0000005639113_instances.png ( 1518272 ) BR0000005639113_labels.png ( 1518272 )
OK:in BR0000005701353_instances.png ( 1558554 ) BR0000005701353_labels.png ( 1558554 )
OK:in BR0000005785315_instances.png ( 1732889 ) BR0000005785315_labels.png ( 1732889 )
OK:in BR0000005859337_instances.png ( 1664156 ) BR0000005859337_labels.png ( 1664156 )
OK:in BR0000005859351_instances.png ( 1667159 ) BR0000005859351_labels.png ( 1667159 )
OK:in BR0000005859665_instances.png ( 1656640 ) BR0000005859665_labels.png ( 1656640 )
OK:in BR0000005906826_instances.png ( 1785504 ) BR0000005906826_labels.png ( 1785504 )
OK:in BR0000005907694_instances.png ( 1674298 ) BR0000005907694_labels.png ( 1674298 )
OK:in BR0000006250690_instances.png ( 1440156 ) BR0000006250690_labels.png ( 1440156 )
OK:in BR0000006490454_instances.png ( 1546888 ) BR0000006490454_labels.png ( 1546888 )
OK:in BR0000006918378_instances.png ( 1661147 ) BR0000006918378_labels.png ( 1661147 )
OK:in BR0000008245434_instances.png ( 1553926 ) BR0000008245434_labels.png ( 1553926 )
OK:in BR0000008697363_instances.png ( 1270399 ) BR0000008697363_labels.png ( 1270399 )
OK:in BR0000008719041_instances.png ( 1311275 ) BR0000008719041_labels.png ( 1311275 )
OK:in BR0000008864185_instances.png ( 1329642 ) BR0000008864185_labels.png ( 1329642 )
OK:in BR0000008967527_instances.png ( 1566530 ) BR0000008967527_labels.png ( 1566530 )
OK:in BR0000009199590_instances.png ( 1483494 ) BR0000009199590_labels.png ( 1483494 )
OK:in BR0000012450015_instances.png ( 1715445 ) BR0000012450015_labels.png ( 1715445 )
OK:in BR0000013091514_instances.png ( 1579168 ) BR0000013091514_labels.png ( 1579168 )
OK:in BR0000013091521_instances.png ( 1588291 ) BR0000013091521_labels.png ( 1588291 )
OK:in B_10_0002520_instances.png ( 1798829 ) B_10_0002520_labels.png ( 1798829 )
OK:in B_10_0002521_instances.png ( 1763581 ) B_10_0002521_labels.png ( 1763581 )
OK:in B_10_0002884_instances.png ( 1789038 ) B_10_0002884_labels.png ( 1789038 )
OK:in B_10_0003200_instances.png ( 1485047 ) B_10_0003200_labels.png ( 1485047 )
OK:in B_10_0003450_instances.png ( 1803994 ) B_10_0003450_labels.png ( 1803994 )
OK:in B_10_0003463_instances.png ( 1857976 ) B_10_0003463_labels.png ( 1857976 )
OK:in B_10_0003483_instances.png ( 1868684 ) B_10_0003483_labels.png ( 1868684 )
OK:in B_10_0003484_instances.png ( 1816542 ) B_10_0003484_labels.png ( 1816542 )
OK:in B_10_0003487_instances.png ( 1845598 ) B_10_0003487_labels.png ( 1845598 )
OK:in B_10_0005500_instances.png ( 1861819 ) B_10_0005500_labels.png ( 1861819 )
OK:in B_10_0030420_instances.png ( 1592191 ) B_10_0030420_labels.png ( 1592191 )
OK:in B_10_0046042_instances.png ( 1798091 ) B_10_0046042_labels.png ( 1798091 )
OK:in B_10_0049579_instances.png ( 1590764 ) B_10_0049579_labels.png ( 1590764 )
OK:in B_10_0066610_instances.png ( 1786327 ) B_10_0066610_labels.png ( 1786327 )
OK:in B_10_0069251_instances.png ( 1798630 ) B_10_0069251_labels.png ( 1798630 )
OK:in B_10_0086706_instances.png ( 1838060 ) B_10_0086706_labels.png ( 1838060 )
OK:in B_10_0088191_instances.png ( 1736889 ) B_10_0088191_labels.png ( 1736889 )
OK:in B_10_0089444_instances.png ( 1857099 ) B_10_0089444_labels.png ( 1857099 )
OK:in B_10_0089598_instances.png ( 1826407 ) B_10_0089598_labels.png ( 1826407 )
OK:in B_10_0089768_instances.png ( 1824980 ) B_10_0089768_labels.png ( 1824980 )
OK:in B_10_0114359_instances.png ( 1778844 ) B_10_0114359_labels.png ( 1778844 )
OK:in B_10_0127220_instances.png ( 1846123 ) B_10_0127220_labels.png ( 1846123 )
OK:in B_10_0157339_instances.png ( 1844928 ) B_10_0157339_labels.png ( 1844928 )
OK:in B_10_0172760_instances.png ( 1831549 ) B_10_0172760_labels.png ( 1831549 )
OK:in E00001162_instances.png ( 1701058 ) E00001162_labels.png ( 1701058 )
OK:in E00015443_instances.png ( 1817507 ) E00015443_labels.png ( 1817507 )
OK:in E00015458_instances.png ( 1540667 ) E00015458_labels.png ( 1540667 )
OK:in E00016304_instances.png ( 1619277 ) E00016304_labels.png ( 1619277 )
OK:in E00020889_instances.png ( 1796261 ) E00020889_labels.png ( 1796261 )
OK:in E00024129_instances.png ( 1835208 ) E00024129_labels.png ( 1835208 )
OK:in E00024667_instances.png ( 1584590 ) E00024667_labels.png ( 1584590 )
OK:in E00024823_instances.png ( 1746740 ) E00024823_labels.png ( 1746740 )
OK:in E00026748_instances.png ( 1691391 ) E00026748_labels.png ( 1691391 )
OK:in E00026850_instances.png ( 1564017 ) E00026850_labels.png ( 1564017 )
OK:in E00049052_instances.png ( 1391957 ) E00049052_labels.png ( 1391957 )
OK:in E00058993_instances.png ( 1599917 ) E00058993_labels.png ( 1599917 )
OK:in E00059670_instances.png ( 1697984 ) E00059670_labels.png ( 1697984 )
OK:in E00062538_instances.png ( 1703323 ) E00062538_labels.png ( 1703323 )
OK:in E00062569_instances.png ( 1659533 ) E00062569_labels.png ( 1659533 )
OK:in E00064130_instances.png ( 1697018 ) E00064130_labels.png ( 1697018 )
OK:in E00064237_instances.png ( 1743964 ) E00064237_labels.png ( 1743964 )
OK:in E00064383_instances.png ( 1732539 ) E00064383_labels.png ( 1732539 )
OK:in E00065413_instances.png ( 1722189 ) E00065413_labels.png ( 1722189 )
OK:in E00065427_instances.png ( 1705029 ) E00065427_labels.png ( 1705029 )
OK:in E00065926_instances.png ( 1710129 ) E00065926_labels.png ( 1710129 )
OK:in E00067488_instances.png ( 1566973 ) E00067488_labels.png ( 1566973 )
OK:in E00071177_instances.png ( 1712412 ) E00071177_labels.png ( 1712412 )
OK:in E00072327_instances.png ( 1682807 ) E00072327_labels.png ( 1682807 )
OK:in E00073048_instances.png ( 1776708 ) E00073048_labels.png ( 1776708 )
OK:in E00074392_instances.png ( 1672208 ) E00074392_labels.png ( 1672208 )
OK:in E00074915_instances.png ( 1762769 ) E00074915_labels.png ( 1762769 )
OK:in E00087190_instances.png ( 1662574 ) E00087190_labels.png ( 1662574 )
OK:in E00088095_instances.png ( 1782827 ) E00088095_labels.png ( 1782827 )
OK:in E00094197_instances.png ( 1777252 ) E00094197_labels.png ( 1777252 )
OK:in E00105239_instances.png ( 1579198 ) E00105239_labels.png ( 1579198 )
OK:in E00112411_instances.png ( 1661939 ) E00112411_labels.png ( 1661939 )
OK:in E00113189_instances.png ( 1736361 ) E00113189_labels.png ( 1736361 )
OK:in E00117381_instances.png ( 1656724 ) E00117381_labels.png ( 1656724 )
OK:in E00117382_instances.png ( 1622700 ) E00117382_labels.png ( 1622700 )
OK:in E00120460_instances.png ( 1661601 ) E00120460_labels.png ( 1661601 )
OK:in E00127288_instances.png ( 1698681 ) E00127288_labels.png ( 1698681 )
OK:in E00128162_instances.png ( 1792171 ) E00128162_labels.png ( 1792171 )
OK:in E00134418_instances.png ( 1767590 ) E00134418_labels.png ( 1767590 )
OK:in E00134537_instances.png ( 1748695 ) E00134537_labels.png ( 1748695 )
OK:in E00137807_instances.png ( 1752777 ) E00137807_labels.png ( 1752777 )
OK:in E00141058_instances.png ( 1689205 ) E00141058_labels.png ( 1689205 )
OK:in E00144488_instances.png ( 1755644 ) E00144488_labels.png ( 1755644 )
OK:in EIG.1060_instances.png ( 1808182 ) EIG.1060_labels.png ( 1808182 )
OK:in EIG.1068_instances.png ( 1817308 ) EIG.1068_labels.png ( 1817308 )
OK:in EIG.1074_instances.png ( 1814730 ) EIG.1074_labels.png ( 1814730 )
OK:in EIG.1261_instances.png ( 1776708 ) EIG.1261_labels.png ( 1776708 )
OK:in EIG.1651_instances.png ( 1843679 ) EIG.1651_labels.png ( 1843679 )
OK:in EIG.2190_instances.png ( 1827760 ) EIG.2190_labels.png ( 1827760 )
OK:in EIG.2377_instances.png ( 1718580 ) EIG.2377_labels.png ( 1718580 )
OK:in EIG.2379_instances.png ( 1829587 ) EIG.2379_labels.png ( 1829587 )
OK:in EIG.2380_instances.png ( 1787855 ) EIG.2380_labels.png ( 1787855 )
OK:in EIG.2381_instances.png ( 1805554 ) EIG.2381_labels.png ( 1805554 )
OK:in EIG.2382_instances.png ( 1852581 ) EIG.2382_labels.png ( 1852581 )
OK:in EIG.2748_instances.png ( 1766405 ) EIG.2748_labels.png ( 1766405 )
OK:in EIG.2751_instances.png ( 1790525 ) EIG.2751_labels.png ( 1790525 )
OK:in EIG.2770_instances.png ( 1853051 ) EIG.2770_labels.png ( 1853051 )
OK:in EIG.2840_instances.png ( 1782642 ) EIG.2840_labels.png ( 1782642 )
OK:in EIG.3022_instances.png ( 1823500 ) EIG.3022_labels.png ( 1823500 )
OK:in EIG.381_instances.png ( 1715854 ) EIG.381_labels.png ( 1715854 )
OK:in EIG.436_instances.png ( 1793665 ) EIG.436_labels.png ( 1793665 )
OK:in EIG.437_instances.png ( 1793580 ) EIG.437_labels.png ( 1793580 )
OK:in EIG.5686_instances.png ( 1859538 ) EIG.5686_labels.png ( 1859538 )
OK:in EIG.6494_instances.png ( 1852110 ) EIG.6494_labels.png ( 1852110 )
OK:in EIG.6714_instances.png ( 1907806 ) EIG.6714_labels.png ( 1907806 )
OK:in EIG.6727_instances.png ( 1891967 ) EIG.6727_labels.png ( 1891967 )
OK:in EIG.6762_instances.png ( 1769325 ) EIG.6762_labels.png ( 1769325 )
OK:in EIG.6763_instances.png ( 1836969 ) EIG.6763_labels.png ( 1836969 )
OK:in EIG.6951_instances.png ( 1820058 ) EIG.6951_labels.png ( 1820058 )
OK:in EIG.7034_instances.png ( 1801651 ) EIG.7034_labels.png ( 1801651 )
OK:in EIG.7053_instances.png ( 1824958 ) EIG.7053_labels.png ( 1824958 )
OK:in EIG.7060_instances.png ( 1813138 ) EIG.7060_labels.png ( 1813138 )
OK:in EIG.7061_instances.png ( 1773886 ) EIG.7061_labels.png ( 1773886 )
OK:in EIG.7145_instances.png ( 1805166 ) EIG.7145_labels.png ( 1805166 )
OK:in EIG.7147_instances.png ( 1834453 ) EIG.7147_labels.png ( 1834453 )
OK:in EIG.7151_instances.png ( 1808214 ) EIG.7151_labels.png ( 1808214 )
OK:in EIG.7234_instances.png ( 1740487 ) EIG.7234_labels.png ( 1740487 )
OK:in EIG.7443_instances.png ( 1807338 ) EIG.7443_labels.png ( 1807338 )
OK:in EIG.7613_instances.png ( 1851199 ) EIG.7613_labels.png ( 1851199 )
OK:in EIG.7743_instances.png ( 1839349 ) EIG.7743_labels.png ( 1839349 )
OK:in EIG.7788_instances.png ( 1763364 ) EIG.7788_labels.png ( 1763364 )
OK:in EIG.7879_instances.png ( 1824871 ) EIG.7879_labels.png ( 1824871 )
OK:in EIG.8123_instances.png ( 1831529 ) EIG.8123_labels.png ( 1831529 )
OK:in EIG.8145_instances.png ( 1870956 ) EIG.8145_labels.png ( 1870956 )
OK:in EIG.8147_instances.png ( 1800817 ) EIG.8147_labels.png ( 1800817 )
OK:in EIG.8322_instances.png ( 1773475 ) EIG.8322_labels.png ( 1773475 )
OK:in H.1027349_instances.png ( 1771232 ) H.1027349_labels.png ( 1771232 )
OK:in H.1027364_instances.png ( 1831030 ) H.1027364_labels.png ( 1831030 )
OK:in H.1034530_instances.png ( 1863036 ) H.1034530_labels.png ( 1863036 )
OK:in H.1056221_instances.png ( 1829597 ) H.1056221_labels.png ( 1829597 )
OK:in H.1056223_instances.png ( 1823332 ) H.1056223_labels.png ( 1823332 )
OK:in H.1056231_instances.png ( 1852802 ) H.1056231_labels.png ( 1852802 )
OK:in H.1069760_instances.png ( 1865911 ) H.1069760_labels.png ( 1865911 )
OK:in H.1073986_instances.png ( 1834134 ) H.1073986_labels.png ( 1834134 )
OK:in K000013094_instances.png ( 1741552 ) K000013094_labels.png ( 1741552 )
OK:in K000018358_instances.png ( 1685159 ) K000018358_labels.png ( 1685159 )
OK:in K000025814_instances.png ( 1551721 ) K000025814_labels.png ( 1551721 )
OK:in K000049450_instances.png ( 1587199 ) K000049450_labels.png ( 1587199 )
OK:in K000056711_instances.png ( 1601311 ) K000056711_labels.png ( 1601311 )
OK:in K000203580_instances.png ( 1684431 ) K000203580_labels.png ( 1684431 )
OK:in K000242782_instances.png ( 1493224 ) K000242782_labels.png ( 1493224 )
OK:in K000345684_instances.png ( 1271379 ) K000345684_labels.png ( 1271379 )
OK:in K000363593_instances.png ( 1535096 ) K000363593_labels.png ( 1535096 )
OK:in K000406288_instances.png ( 1669091 ) K000406288_labels.png ( 1669091 )
OK:in K000414594_instances.png ( 1524967 ) K000414594_labels.png ( 1524967 )
OK:in K000432519_instances.png ( 1698980 ) K000432519_labels.png ( 1698980 )
OK:in K000536956_instances.png ( 1758627 ) K000536956_labels.png ( 1758627 )
OK:in K000543516_instances.png ( 1634606 ) K000543516_labels.png ( 1634606 )
OK:in K000555694_instances.png ( 1600750 ) K000555694_labels.png ( 1600750 )
OK:in K000773108_instances.png ( 1793100 ) K000773108_labels.png ( 1793100 )
OK:in K000773177_instances.png ( 1504481 ) K000773177_labels.png ( 1504481 )
OK:in K000807303_instances.png ( 1723349 ) K000807303_labels.png ( 1723349 )
OK:in K000811192_instances.png ( 1791932 ) K000811192_labels.png ( 1791932 )
OK:in K000821274_instances.png ( 1685678 ) K000821274_labels.png ( 1685678 )
OK:in K000821741_instances.png ( 1560549 ) K000821741_labels.png ( 1560549 )
OK:in K000828739_instances.png ( 1683186 ) K000828739_labels.png ( 1683186 )
OK:in K000830619_instances.png ( 1740394 ) K000830619_labels.png ( 1740394 )
OK:in K000833124_instances.png ( 1703751 ) K000833124_labels.png ( 1703751 )
OK:in K000912136_instances.png ( 1869945 ) K000912136_labels.png ( 1869945 )
OK:in K000912223_instances.png ( 1934334 ) K000912223_labels.png ( 1934334 )
OK:in K000930539_instances.png ( 1887773 ) K000930539_labels.png ( 1887773 )
OK:in K000954210_instances.png ( 1914696 ) K000954210_labels.png ( 1914696 )
OK:in K000965982_instances.png ( 1787973 ) K000965982_labels.png ( 1787973 )
OK:in K000972625_instances.png ( 1931267 ) K000972625_labels.png ( 1931267 )
OK:in K000996455_instances.png ( 1682367 ) K000996455_labels.png ( 1682367 )
OK:in K001031711_instances.png ( 1761868 ) K001031711_labels.png ( 1761868 )
OK:in K001044911_instances.png ( 1595273 ) K001044911_labels.png ( 1595273 )
OK:in K001049375_instances.png ( 1752755 ) K001049375_labels.png ( 1752755 )
OK:in K001054528_instances.png ( 1911783 ) K001054528_labels.png ( 1911783 )
OK:in K001136340_instances.png ( 1810372 ) K001136340_labels.png ( 1810372 )
OK:in L.1188986_instances.png ( 1765905 ) L.1188986_labels.png ( 1765905 )
OK:in L.1339282_instances.png ( 1747900 ) L.1339282_labels.png ( 1747900 )
OK:in L.1374725_instances.png ( 1794139 ) L.1374725_labels.png ( 1794139 )
OK:in L.1408236_instances.png ( 1693240 ) L.1408236_labels.png ( 1693240 )
OK:in L.1421587_instances.png ( 1795738 ) L.1421587_labels.png ( 1795738 )
OK:in L.1490251_instances.png ( 1804397 ) L.1490251_labels.png ( 1804397 )
OK:in L.1537752_instances.png ( 1846919 ) L.1537752_labels.png ( 1846919 )
OK:in L.1616068_instances.png ( 1659295 ) L.1616068_labels.png ( 1659295 )
OK:in L.1620333_instances.png ( 1763785 ) L.1620333_labels.png ( 1763785 )
OK:in L.1751618_instances.png ( 1679815 ) L.1751618_labels.png ( 1679815 )
OK:in L.1785984_instances.png ( 1618516 ) L.1785984_labels.png ( 1618516 )
OK:in L.1794692_instances.png ( 1684014 ) L.1794692_labels.png ( 1684014 )
OK:in L.1805114_instances.png ( 1685810 ) L.1805114_labels.png ( 1685810 )
OK:in L.1933299_instances.png ( 1805874 ) L.1933299_labels.png ( 1805874 )
OK:in L.1934962_instances.png ( 1780904 ) L.1934962_labels.png ( 1780904 )
OK:in L.2074028_instances.png ( 1876066 ) L.2074028_labels.png ( 1876066 )
OK:in L.2074347_instances.png ( 1881054 ) L.2074347_labels.png ( 1881054 )
OK:in L.2109497_instances.png ( 1783894 ) L.2109497_labels.png ( 1783894 )
OK:in L.2116756_instances.png ( 1589047 ) L.2116756_labels.png ( 1589047 )
OK:in L.2153797_instances.png ( 1612445 ) L.2153797_labels.png ( 1612445 )
OK:in L.2168354_instances.png ( 1684924 ) L.2168354_labels.png ( 1684924 )
OK:in L.2180891_instances.png ( 1651117 ) L.2180891_labels.png ( 1651117 )
OK:in L.2258736_instances.png ( 1754468 ) L.2258736_labels.png ( 1754468 )
OK:in L.2259981_instances.png ( 1720456 ) L.2259981_labels.png ( 1720456 )
OK:in L.2291420_instances.png ( 1740763 ) L.2291420_labels.png ( 1740763 )
OK:in L.2489324_instances.png ( 1704141 ) L.2489324_labels.png ( 1704141 )
OK:in L.2509958_instances.png ( 1809060 ) L.2509958_labels.png ( 1809060 )
OK:in L.2571799_instances.png ( 1759787 ) L.2571799_labels.png ( 1759787 )
OK:in L.2592773_instances.png ( 1803350 ) L.2592773_labels.png ( 1803350 )
OK:in L.2608838_instances.png ( 1797551 ) L.2608838_labels.png ( 1797551 )
OK:in L.3474871_instances.png ( 1699500 ) L.3474871_labels.png ( 1699500 )
OK:in L.3499241_instances.png ( 1759673 ) L.3499241_labels.png ( 1759673 )
OK:in L.3548739_instances.png ( 1780661 ) L.3548739_labels.png ( 1780661 )
OK:in L.3575783_instances.png ( 1817939 ) L.3575783_labels.png ( 1817939 )
OK:in L.3602388_instances.png ( 1833229 ) L.3602388_labels.png ( 1833229 )
OK:in L_0007231_instances.png ( 1755758 ) L_0007231_labels.png ( 1755758 )
OK:in L_0007337_instances.png ( 1808699 ) L_0007337_labels.png ( 1808699 )
OK:in L_0014277_instances.png ( 1731109 ) L_0014277_labels.png ( 1731109 )
OK:in L_0044156_instances.png ( 1789905 ) L_0044156_labels.png ( 1789905 )
OK:in L_0044240_instances.png ( 1732506 ) L_0044240_labels.png ( 1732506 )
OK:in L_0052013_instances.png ( 1724574 ) L_0052013_labels.png ( 1724574 )
OK:in L_0059912_instances.png ( 1699580 ) L_0059912_labels.png ( 1699580 )
OK:in L_0491067_instances.png ( 1654267 ) L_0491067_labels.png ( 1654267 )
OK:in P00451097_instances.png ( 1883817 ) P00451097_labels.png ( 1883817 )
OK:in P00642147_instances.png ( 1795160 ) P00642147_labels.png ( 1795160 )
OK:in P00643727_instances.png ( 1709719 ) P00643727_labels.png ( 1709719 )
OK:in P00713047_instances.png ( 1722725 ) P00713047_labels.png ( 1722725 )
OK:in P02132367_instances.png ( 1799349 ) P02132367_labels.png ( 1799349 )
OK:in P02733867_instances.png ( 1820304 ) P02733867_labels.png ( 1820304 )
2018-10-21 09:29:53
Sun 21 Oct 10:29:53 BST 2018
2018-10-21 11:50:07
BM000075813_labels.png 4 ok [(0, 0, 0), (255, 0, 0), (255, 255, 0), (255, 255, 255)]
BM000500117_labels.png 4 ok [(0, 0, 0), (255, 0, 0), (255, 255, 0), (255, 255, 255)]
BM000501121_labels.png 4 ok [(0, 0, 0), (255, 0, 0), (255, 255, 0), (255, 255, 255)]
BM000517025_labels.png 4 ok [(0, 0, 0), (255, 0, 0), (255, 255, 0), (255, 255, 255)]
BM000521570_labels.png 4 ok [(0, 0, 0), (255, 0, 0), (255, 255, 0), (255, 255, 255)]
BM000521755_labels.png 4 ok [(0, 0, 0), (255, 0, 0), (255, 255, 0), (255, 255, 255)]
BM000521866_labels.png 4 ok [(0, 0, 0), (255, 0, 0), (255, 255, 0), (255, 255, 255)]
BM000521903_labels.png 4 ok [(0, 0, 0), (255, 0, 0), (255, 255, 0), (255, 255, 255)]
BM000522091_labels.png 4 ok [(0, 0, 0), (255, 0, 0), (255, 255, 0), (255, 255, 255)]
BM000546829_labels.png 4 ok [(0, 0, 0), (255, 0, 0), (255, 255, 0), (255, 255, 255)]
BM000547082_labels.png 4 ok [(0, 0, 0), (255, 0, 0), (255, 255, 0), (255, 255, 255)]
BM000551636_labels.png 4 ok [(0, 0, 0), (255, 0, 0), (255, 255, 0), (255, 255, 255)]
BM000561307_labels.png 4 ok [(0, 0, 0), (255, 0, 0), (255, 255, 0), (255, 255, 255)]
BM000562804_labels.png 4 ok [(0, 0, 0), (255, 0, 0), (255, 255, 0), (255, 255, 255)]
BM000574146_labels.png 4 ok [(0, 0, 0), (255, 0, 0), (255, 255, 0), (255, 255, 255)]
BM000583717_labels.png 5 needs correcting colours [(0, 0, 0), (247, 193, 57), (255, 0, 0), (255, 255, 0), (255, 255, 255)]
BM000625315_labels.png 4 ok [(0, 0, 0), (255, 0, 0), (255, 255, 0), (255, 255, 255)]
BM000625345_labels.png 4 ok [(0, 0, 0), (255, 0, 0), (255, 255, 0), (255, 255, 255)]
BM000625363_labels.png 4 ok [(0, 0, 0), (255, 0, 0), (255, 255, 0), (255, 255, 255)]
BM000648870_labels.png 4 ok [(0, 0, 0), (255, 0, 0), (255, 255, 0), (255, 255, 255)]
BM000796649_labels.png 4 ok [(0, 0, 0), (255, 0, 0), (255, 255, 0), (255, 255, 255)]
BM000798777_labels.png 4 ok [(0, 0, 0), (255, 0, 0), (255, 255, 0), (255, 255, 255)]
BM000799936_labels.png 4 ok [(0, 0, 0), (255, 0, 0), (255, 255, 0), (255, 255, 255)]
BR0000005158874_labels.png 4 ok [(0, 0, 0), (255, 0, 0), (255, 255, 0), (255, 255, 255)]
BR0000005505173_labels.png 4 ok [(0, 0, 0), (255, 0, 0), (255, 255, 0), (255, 255, 255)]
BR0000005619498_labels.png 4 ok [(0, 0, 0), (255, 0, 0), (255, 255, 0), (255, 255, 255)]
BR0000005619801_labels.png 4 ok [(0, 0, 0), (255, 0, 0), (255, 255, 0), (255, 255, 255)]
BR0000005639113_labels.png 4 ok [(0, 0, 0), (255, 0, 0), (255, 255, 0), (255, 255, 255)]
BR0000005701353_labels.png 4 ok [(0, 0, 0), (255, 0, 0), (255, 255, 0), (255, 255, 255)]
BR0000005785315_labels.png 4 ok [(0, 0, 0), (255, 0, 0), (255, 255, 0), (255, 255, 255)]
BR0000005859337_labels.png 4 ok [(0, 0, 0), (255, 0, 0), (255, 255, 0), (255, 255, 255)]
BR0000005859351_labels.png 4 ok [(0, 0, 0), (255, 0, 0), (255, 255, 0), (255, 255, 255)]
BR0000005859665_labels.png 4 ok [(0, 0, 0), (255, 0, 0), (255, 255, 0), (255, 255, 255)]
BR0000005906826_labels.png 4 ok [(0, 0, 0), (255, 0, 0), (255, 255, 0), (255, 255, 255)]
BR0000005907694_labels.png 4 ok [(0, 0, 0), (255, 0, 0), (255, 255, 0), (255, 255, 255)]
BR0000006250690_labels.png 4 ok [(0, 0, 0), (255, 0, 0), (255, 255, 0), (255, 255, 255)]
BR0000006490454_labels.png 4 ok [(0, 0, 0), (255, 0, 0), (255, 255, 0), (255, 255, 255)]
BR0000006918378_labels.png 4 ok [(0, 0, 0), (255, 0, 0), (255, 255, 0), (255, 255, 255)]
BR0000008245434_labels.png 4 ok [(0, 0, 0), (255, 0, 0), (255, 255, 0), (255, 255, 255)]
BR0000008697363_labels.png 4 ok [(0, 0, 0), (255, 0, 0), (255, 255, 0), (255, 255, 255)]
BR0000008719041_labels.png 4 ok [(0, 0, 0), (255, 0, 0), (255, 255, 0), (255, 255, 255)]
BR0000008864185_labels.png 4 ok [(0, 0, 0), (255, 0, 0), (255, 255, 0), (255, 255, 255)]
BR0000008967527_labels.png 4 ok [(0, 0, 0), (255, 0, 0), (255, 255, 0), (255, 255, 255)]
BR0000009199590_labels.png 4 ok [(0, 0, 0), (255, 0, 0), (255, 255, 0), (255, 255, 255)]
BR0000012450015_labels.png 4 ok [(0, 0, 0), (255, 0, 0), (255, 255, 0), (255, 255, 255)]
BR0000013091514_labels.png 4 ok [(0, 0, 0), (255, 0, 0), (255, 255, 0), (255, 255, 255)]
BR0000013091521_labels.png 4 ok [(0, 0, 0), (255, 0, 0), (255, 255, 0), (255, 255, 255)]
B_10_0002520_labels.png 3 ok [(0, 0, 0), (255, 0, 0), (255, 255, 255)]
B_10_0002521_labels.png 3 ok [(0, 0, 0), (255, 0, 0), (255, 255, 255)]
B_10_0002884_labels.png 3 ok [(0, 0, 0), (255, 0, 0), (255, 255, 255)]
B_10_0003200_labels.png 4 ok [(0, 0, 0), (255, 0, 0), (255, 255, 0), (255, 255, 255)]
B_10_0003450_labels.png 3 ok [(0, 0, 0), (255, 0, 0), (255, 255, 255)]
B_10_0003463_labels.png 3 ok [(0, 0, 0), (255, 0, 0), (255, 255, 255)]
B_10_0003483_labels.png 3 ok [(0, 0, 0), (255, 0, 0), (255, 255, 255)]
B_10_0003484_labels.png 3 ok [(0, 0, 0), (255, 0, 0), (255, 255, 255)]
B_10_0003487_labels.png 3 ok [(0, 0, 0), (255, 0, 0), (255, 255, 255)]
B_10_0005500_labels.png 3 ok [(0, 0, 0), (255, 0, 0), (255, 255, 255)]
B_10_0030420_labels.png 4 ok [(0, 0, 0), (255, 0, 0), (255, 255, 0), (255, 255, 255)]
B_10_0046042_labels.png 3 ok [(0, 0, 0), (255, 0, 0), (255, 255, 255)]
B_10_0049579_labels.png 4 ok [(0, 0, 0), (255, 0, 0), (255, 255, 0), (255, 255, 255)]
B_10_0066610_labels.png 3 ok [(0, 0, 0), (255, 0, 0), (255, 255, 255)]
B_10_0069251_labels.png 3 ok [(0, 0, 0), (255, 0, 0), (255, 255, 255)]
B_10_0086706_labels.png 3 ok [(0, 0, 0), (255, 0, 0), (255, 255, 255)]
B_10_0088191_labels.png 4 ok [(0, 0, 0), (255, 0, 0), (255, 255, 0), (255, 255, 255)]
B_10_0089444_labels.png 3 ok [(0, 0, 0), (255, 0, 0), (255, 255, 255)]
B_10_0089598_labels.png 3 ok [(0, 0, 0), (255, 0, 0), (255, 255, 255)]
B_10_0089768_labels.png 3 ok [(0, 0, 0), (255, 0, 0), (255, 255, 255)]
B_10_0114359_labels.png 3 ok [(0, 0, 0), (255, 0, 0), (255, 255, 255)]
B_10_0127220_labels.png 4 needs correcting colours [(0, 0, 0), (52, 142, 57), (255, 0, 0), (255, 255, 255)]
B_10_0157339_labels.png 3 ok [(0, 0, 0), (255, 0, 0), (255, 255, 255)]
B_10_0172760_labels.png 3 ok [(0, 0, 0), (255, 0, 0), (255, 255, 255)]
E00001162_labels.png 5 needs correcting colours [(0, 0, 0), (0, 85, 255), (255, 0, 0), (255, 255, 0), (255, 255, 255)]
E00015443_labels.png 4 ok [(0, 0, 0), (255, 0, 0), (255, 255, 0), (255, 255, 255)]
E00015458_labels.png 4 ok [(0, 0, 0), (255, 0, 0), (255, 255, 0), (255, 255, 255)]
E00016304_labels.png 4 ok [(0, 0, 0), (255, 0, 0), (255, 255, 0), (255, 255, 255)]
E00020889_labels.png 4 ok [(0, 0, 0), (255, 0, 0), (255, 255, 0), (255, 255, 255)]
E00024129_labels.png 4 ok [(0, 0, 0), (255, 0, 0), (255, 255, 0), (255, 255, 255)]
E00024667_labels.png 4 ok [(0, 0, 0), (255, 0, 0), (255, 255, 0), (255, 255, 255)]
E00024823_labels.png 4 ok [(0, 0, 0), (255, 0, 0), (255, 255, 0), (255, 255, 255)]
E00026748_labels.png 4 ok [(0, 0, 0), (255, 0, 0), (255, 255, 0), (255, 255, 255)]
E00026850_labels.png 4 ok [(0, 0, 0), (255, 0, 0), (255, 255, 0), (255, 255, 255)]
E00049052_labels.png 4 ok [(0, 0, 0), (255, 0, 0), (255, 255, 0), (255, 255, 255)]
E00058993_labels.png 4 ok [(0, 0, 0), (255, 0, 0), (255, 255, 0), (255, 255, 255)]
E00059670_labels.png 4 ok [(0, 0, 0), (255, 0, 0), (255, 255, 0), (255, 255, 255)]
E00062538_labels.png 4 ok [(0, 0, 0), (255, 0, 0), (255, 255, 0), (255, 255, 255)]
E00062569_labels.png 4 ok [(0, 0, 0), (255, 0, 0), (255, 255, 0), (255, 255, 255)]
E00064130_labels.png 4 ok [(0, 0, 0), (255, 0, 0), (255, 255, 0), (255, 255, 255)]
E00064237_labels.png 4 ok [(0, 0, 0), (255, 0, 0), (255, 255, 0), (255, 255, 255)]
E00064383_labels.png 4 ok [(0, 0, 0), (255, 0, 0), (255, 255, 0), (255, 255, 255)]
E00065413_labels.png 4 ok [(0, 0, 0), (255, 0, 0), (255, 255, 0), (255, 255, 255)]
E00065427_labels.png 4 ok [(0, 0, 0), (255, 0, 0), (255, 255, 0), (255, 255, 255)]
E00065926_labels.png 4 ok [(0, 0, 0), (255, 0, 0), (255, 255, 0), (255, 255, 255)]
E00067488_labels.png 4 ok [(0, 0, 0), (255, 0, 0), (255, 255, 0), (255, 255, 255)]
E00071177_labels.png 4 ok [(0, 0, 0), (255, 0, 0), (255, 255, 0), (255, 255, 255)]
E00072327_labels.png 4 ok [(0, 0, 0), (255, 0, 0), (255, 255, 0), (255, 255, 255)]
E00073048_labels.png 4 ok [(0, 0, 0), (255, 0, 0), (255, 255, 0), (255, 255, 255)]
E00074392_labels.png 4 ok [(0, 0, 0), (255, 0, 0), (255, 255, 0), (255, 255, 255)]
E00074915_labels.png 4 ok [(0, 0, 0), (255, 0, 0), (255, 255, 0), (255, 255, 255)]
E00087190_labels.png 4 ok [(0, 0, 0), (255, 0, 0), (255, 255, 0), (255, 255, 255)]
E00088095_labels.png 4 ok [(0, 0, 0), (255, 0, 0), (255, 255, 0), (255, 255, 255)]
E00094197_labels.png 4 ok [(0, 0, 0), (255, 0, 0), (255, 255, 0), (255, 255, 255)]
E00105239_labels.png 4 ok [(0, 0, 0), (255, 0, 0), (255, 255, 0), (255, 255, 255)]
E00112411_labels.png 4 ok [(0, 0, 0), (255, 0, 0), (255, 255, 0), (255, 255, 255)]
E00113189_labels.png 4 ok [(0, 0, 0), (255, 0, 0), (255, 255, 0), (255, 255, 255)]
E00117381_labels.png 4 ok [(0, 0, 0), (255, 0, 0), (255, 255, 0), (255, 255, 255)]
E00117382_labels.png 4 ok [(0, 0, 0), (255, 0, 0), (255, 255, 0), (255, 255, 255)]
E00120460_labels.png 4 ok [(0, 0, 0), (255, 0, 0), (255, 255, 0), (255, 255, 255)]
E00127288_labels.png 4 ok [(0, 0, 0), (255, 0, 0), (255, 255, 0), (255, 255, 255)]
E00128162_labels.png 4 ok [(0, 0, 0), (255, 0, 0), (255, 255, 0), (255, 255, 255)]
E00134418_labels.png 4 ok [(0, 0, 0), (255, 0, 0), (255, 255, 0), (255, 255, 255)]
E00134537_labels.png 4 ok [(0, 0, 0), (255, 0, 0), (255, 255, 0), (255, 255, 255)]
E00137807_labels.png 4 ok [(0, 0, 0), (255, 0, 0), (255, 255, 0), (255, 255, 255)]
E00141058_labels.png 4 ok [(0, 0, 0), (255, 0, 0), (255, 255, 0), (255, 255, 255)]
E00144488_labels.png 4 ok [(0, 0, 0), (255, 0, 0), (255, 255, 0), (255, 255, 255)]
EIG.1060_labels.png 4 ok [(0, 0, 0), (255, 0, 0), (255, 255, 0), (255, 255, 255)]
EIG.1068_labels.png 4 ok [(0, 0, 0), (255, 0, 0), (255, 255, 0), (255, 255, 255)]
EIG.1074_labels.png 4 ok [(0, 0, 0), (255, 0, 0), (255, 255, 0), (255, 255, 255)]
EIG.1261_labels.png 4 ok [(0, 0, 0), (255, 0, 0), (255, 255, 0), (255, 255, 255)]
EIG.1651_labels.png 4 ok [(0, 0, 0), (255, 0, 0), (255, 255, 0), (255, 255, 255)]
EIG.2190_labels.png 4 ok [(0, 0, 0), (255, 0, 0), (255, 255, 0), (255, 255, 255)]
EIG.2377_labels.png 4 ok [(0, 0, 0), (255, 0, 0), (255, 255, 0), (255, 255, 255)]
EIG.2379_labels.png 4 ok [(0, 0, 0), (255, 0, 0), (255, 255, 0), (255, 255, 255)]
EIG.2380_labels.png 4 ok [(0, 0, 0), (255, 0, 0), (255, 255, 0), (255, 255, 255)]
EIG.2381_labels.png 4 ok [(0, 0, 0), (255, 0, 0), (255, 255, 0), (255, 255, 255)]
EIG.2382_labels.png 4 ok [(0, 0, 0), (255, 0, 0), (255, 255, 0), (255, 255, 255)]
EIG.2748_labels.png 4 ok [(0, 0, 0), (255, 0, 0), (255, 255, 0), (255, 255, 255)]
EIG.2751_labels.png 4 ok [(0, 0, 0), (255, 0, 0), (255, 255, 0), (255, 255, 255)]
EIG.2770_labels.png 4 ok [(0, 0, 0), (255, 0, 0), (255, 255, 0), (255, 255, 255)]
EIG.2840_labels.png 4 ok [(0, 0, 0), (255, 0, 0), (255, 255, 0), (255, 255, 255)]
EIG.3022_labels.png 4 ok [(0, 0, 0), (255, 0, 0), (255, 255, 0), (255, 255, 255)]
EIG.381_labels.png 4 ok [(0, 0, 0), (255, 0, 0), (255, 255, 0), (255, 255, 255)]
EIG.436_labels.png 4 ok [(0, 0, 0), (255, 0, 0), (255, 255, 0), (255, 255, 255)]
EIG.437_labels.png 4 ok [(0, 0, 0), (255, 0, 0), (255, 255, 0), (255, 255, 255)]
EIG.5686_labels.png 4 ok [(0, 0, 0), (255, 0, 0), (255, 255, 0), (255, 255, 255)]
EIG.6494_labels.png 4 ok [(0, 0, 0), (255, 0, 0), (255, 255, 0), (255, 255, 255)]
EIG.6714_labels.png 4 ok [(0, 0, 0), (255, 0, 0), (255, 255, 0), (255, 255, 255)]
EIG.6727_labels.png 4 ok [(0, 0, 0), (255, 0, 0), (255, 255, 0), (255, 255, 255)]
EIG.6762_labels.png 4 ok [(0, 0, 0), (255, 0, 0), (255, 255, 0), (255, 255, 255)]
EIG.6763_labels.png 5 needs correcting colours [(0, 0, 0), (243, 0, 209), (255, 0, 0), (255, 255, 0), (255, 255, 255)]
EIG.6951_labels.png 4 ok [(0, 0, 0), (255, 0, 0), (255, 255, 0), (255, 255, 255)]
EIG.7034_labels.png 4 ok [(0, 0, 0), (255, 0, 0), (255, 255, 0), (255, 255, 255)]
EIG.7053_labels.png 4 ok [(0, 0, 0), (255, 0, 0), (255, 255, 0), (255, 255, 255)]
EIG.7060_labels.png 4 ok [(0, 0, 0), (255, 0, 0), (255, 255, 0), (255, 255, 255)]
EIG.7061_labels.png 4 ok [(0, 0, 0), (255, 0, 0), (255, 255, 0), (255, 255, 255)]
EIG.7145_labels.png 4 ok [(0, 0, 0), (255, 0, 0), (255, 255, 0), (255, 255, 255)]
EIG.7147_labels.png 4 ok [(0, 0, 0), (255, 0, 0), (255, 255, 0), (255, 255, 255)]
EIG.7151_labels.png 4 ok [(0, 0, 0), (255, 0, 0), (255, 255, 0), (255, 255, 255)]
EIG.7234_labels.png 4 ok [(0, 0, 0), (255, 0, 0), (255, 255, 0), (255, 255, 255)]
EIG.7443_labels.png 4 ok [(0, 0, 0), (255, 0, 0), (255, 255, 0), (255, 255, 255)]
EIG.7613_labels.png 4 ok [(0, 0, 0), (255, 0, 0), (255, 255, 0), (255, 255, 255)]
EIG.7743_labels.png 4 ok [(0, 0, 0), (255, 0, 0), (255, 255, 0), (255, 255, 255)]
EIG.7788_labels.png 4 ok [(0, 0, 0), (255, 0, 0), (255, 255, 0), (255, 255, 255)]
EIG.7879_labels.png 4 ok [(0, 0, 0), (255, 0, 0), (255, 255, 0), (255, 255, 255)]
EIG.8123_labels.png 4 ok [(0, 0, 0), (255, 0, 0), (255, 255, 0), (255, 255, 255)]
EIG.8145_labels.png 4 ok [(0, 0, 0), (255, 0, 0), (255, 255, 0), (255, 255, 255)]
EIG.8147_labels.png 4 ok [(0, 0, 0), (255, 0, 0), (255, 255, 0), (255, 255, 255)]
EIG.8322_labels.png 4 ok [(0, 0, 0), (255, 0, 0), (255, 255, 0), (255, 255, 255)]
H.1027349_labels.png 4 ok [(0, 0, 0), (255, 0, 0), (255, 255, 0), (255, 255, 255)]
H.1027364_labels.png 5 needs correcting colours [(0, 0, 0), (94, 196, 91), (255, 0, 0), (255, 255, 0), (255, 255, 255)]
H.1034530_labels.png 4 ok [(0, 0, 0), (255, 0, 0), (255, 255, 0), (255, 255, 255)]
H.1056221_labels.png 4 ok [(0, 0, 0), (255, 0, 0), (255, 255, 0), (255, 255, 255)]
H.1056223_labels.png 4 ok [(0, 0, 0), (255, 0, 0), (255, 255, 0), (255, 255, 255)]
H.1056231_labels.png 4 ok [(0, 0, 0), (255, 0, 0), (255, 255, 0), (255, 255, 255)]
H.1069760_labels.png 4 ok [(0, 0, 0), (255, 0, 0), (255, 255, 0), (255, 255, 255)]
H.1073986_labels.png 4 ok [(0, 0, 0), (255, 0, 0), (255, 255, 0), (255, 255, 255)]
K000013094_labels.png 4 ok [(0, 0, 0), (255, 0, 0), (255, 255, 0), (255, 255, 255)]
K000018358_labels.png 4 ok [(0, 0, 0), (255, 0, 0), (255, 255, 0), (255, 255, 255)]
K000025814_labels.png 4 ok [(0, 0, 0), (255, 0, 0), (255, 255, 0), (255, 255, 255)]
K000049450_labels.png 4 ok [(0, 0, 0), (255, 0, 0), (255, 255, 0), (255, 255, 255)]
K000056711_labels.png 4 ok [(0, 0, 0), (255, 0, 0), (255, 255, 0), (255, 255, 255)]
K000203580_labels.png 4 ok [(0, 0, 0), (255, 0, 0), (255, 255, 0), (255, 255, 255)]
K000242782_labels.png 4 ok [(0, 0, 0), (255, 0, 0), (255, 255, 0), (255, 255, 255)]
K000345684_labels.png 4 ok [(0, 0, 0), (255, 0, 0), (255, 255, 0), (255, 255, 255)]
K000363593_labels.png 4 ok [(0, 0, 0), (255, 0, 0), (255, 255, 0), (255, 255, 255)]
K000406288_labels.png 4 ok [(0, 0, 0), (255, 0, 0), (255, 255, 0), (255, 255, 255)]
K000414594_labels.png 4 ok [(0, 0, 0), (255, 0, 0), (255, 255, 0), (255, 255, 255)]
K000432519_labels.png 4 ok [(0, 0, 0), (255, 0, 0), (255, 255, 0), (255, 255, 255)]
K000536956_labels.png 4 ok [(0, 0, 0), (255, 0, 0), (255, 255, 0), (255, 255, 255)]
K000543516_labels.png 4 ok [(0, 0, 0), (255, 0, 0), (255, 255, 0), (255, 255, 255)]
K000555694_labels.png 4 ok [(0, 0, 0), (255, 0, 0), (255, 255, 0), (255, 255, 255)]
K000773108_labels.png 4 ok [(0, 0, 0), (255, 0, 0), (255, 255, 0), (255, 255, 255)]
K000773177_labels.png 4 ok [(0, 0, 0), (255, 0, 0), (255, 255, 0), (255, 255, 255)]
K000807303_labels.png 4 ok [(0, 0, 0), (255, 0, 0), (255, 255, 0), (255, 255, 255)]
K000811192_labels.png 4 ok [(0, 0, 0), (255, 0, 0), (255, 255, 0), (255, 255, 255)]
K000821274_labels.png 4 ok [(0, 0, 0), (255, 0, 0), (255, 255, 0), (255, 255, 255)]
K000821741_labels.png 4 ok [(0, 0, 0), (255, 0, 0), (255, 255, 0), (255, 255, 255)]
K000828739_labels.png 4 ok [(0, 0, 0), (255, 0, 0), (255, 255, 0), (255, 255, 255)]
K000830619_labels.png 4 ok [(0, 0, 0), (255, 0, 0), (255, 255, 0), (255, 255, 255)]
K000833124_labels.png 4 ok [(0, 0, 0), (255, 0, 0), (255, 255, 0), (255, 255, 255)]
K000912136_labels.png 4 ok [(0, 0, 0), (255, 0, 0), (255, 255, 0), (255, 255, 255)]
K000912223_labels.png 4 ok [(0, 0, 0), (255, 0, 0), (255, 255, 0), (255, 255, 255)]
K000930539_labels.png 4 ok [(0, 0, 0), (255, 0, 0), (255, 255, 0), (255, 255, 255)]
K000954210_labels.png 4 ok [(0, 0, 0), (255, 0, 0), (255, 255, 0), (255, 255, 255)]
K000965982_labels.png 4 ok [(0, 0, 0), (255, 0, 0), (255, 255, 0), (255, 255, 255)]
K000972625_labels.png 4 ok [(0, 0, 0), (255, 0, 0), (255, 255, 0), (255, 255, 255)]
K000996455_labels.png 4 ok [(0, 0, 0), (255, 0, 0), (255, 255, 0), (255, 255, 255)]
K001031711_labels.png 4 ok [(0, 0, 0), (255, 0, 0), (255, 255, 0), (255, 255, 255)]
K001044911_labels.png 4 ok [(0, 0, 0), (255, 0, 0), (255, 255, 0), (255, 255, 255)]
K001049375_labels.png 4 ok [(0, 0, 0), (255, 0, 0), (255, 255, 0), (255, 255, 255)]
K001054528_labels.png 4 ok [(0, 0, 0), (255, 0, 0), (255, 255, 0), (255, 255, 255)]
K001136340_labels.png 5 needs correcting colours [(0, 0, 0), (241, 7, 32), (255, 0, 0), (255, 255, 0), (255, 255, 255)]
L.1188986_labels.png 4 ok [(0, 0, 0), (255, 0, 0), (255, 255, 0), (255, 255, 255)]
L.1339282_labels.png 4 ok [(0, 0, 0), (255, 0, 0), (255, 255, 0), (255, 255, 255)]
L.1374725_labels.png 6 needs correcting colours [(0, 0, 0), (181, 162, 161), (241, 7, 32), (255, 0, 0), (255, 255, 0), (255, 255, 255)]
L.1408236_labels.png 4 ok [(0, 0, 0), (255, 0, 0), (255, 255, 0), (255, 255, 255)]
L.1421587_labels.png 4 ok [(0, 0, 0), (255, 0, 0), (255, 255, 0), (255, 255, 255)]
L.1490251_labels.png 4 ok [(0, 0, 0), (255, 0, 0), (255, 255, 0), (255, 255, 255)]
L.1537752_labels.png 4 ok [(0, 0, 0), (255, 0, 0), (255, 255, 0), (255, 255, 255)]
L.1616068_labels.png 4 ok [(0, 0, 0), (255, 0, 0), (255, 255, 0), (255, 255, 255)]
L.1620333_labels.png 4 ok [(0, 0, 0), (255, 0, 0), (255, 255, 0), (255, 255, 255)]
L.1751618_labels.png 4 ok [(0, 0, 0), (255, 0, 0), (255, 255, 0), (255, 255, 255)]
L.1785984_labels.png 4 ok [(0, 0, 0), (255, 0, 0), (255, 255, 0), (255, 255, 255)]
L.1794692_labels.png 4 ok [(0, 0, 0), (255, 0, 0), (255, 255, 0), (255, 255, 255)]
L.1805114_labels.png 4 ok [(0, 0, 0), (255, 0, 0), (255, 255, 0), (255, 255, 255)]
L.1933299_labels.png 4 ok [(0, 0, 0), (255, 0, 0), (255, 255, 0), (255, 255, 255)]
L.1934962_labels.png 4 ok [(0, 0, 0), (255, 0, 0), (255, 255, 0), (255, 255, 255)]
L.2074028_labels.png 4 ok [(0, 0, 0), (255, 0, 0), (255, 255, 0), (255, 255, 255)]
L.2074347_labels.png 4 ok [(0, 0, 0), (255, 0, 0), (255, 255, 0), (255, 255, 255)]
L.2109497_labels.png 4 ok [(0, 0, 0), (255, 0, 0), (255, 255, 0), (255, 255, 255)]
L.2116756_labels.png 4 ok [(0, 0, 0), (255, 0, 0), (255, 255, 0), (255, 255, 255)]
L.2153797_labels.png 7 needs correcting colours [(0, 0, 0), (4, 240, 255), (61, 4, 255), (241, 7, 32), (255, 0, 0), (255, 68, 4), (255, 255, 0)]
L.2168354_labels.png 4 ok [(0, 0, 0), (255, 0, 0), (255, 255, 0), (255, 255, 255)]
L.2180891_labels.png 4 ok [(0, 0, 0), (255, 0, 0), (255, 255, 0), (255, 255, 255)]
L.2258736_labels.png 4 ok [(0, 0, 0), (255, 0, 0), (255, 255, 0), (255, 255, 255)]
L.2259981_labels.png 4 ok [(0, 0, 0), (255, 0, 0), (255, 255, 0), (255, 255, 255)]
L.2291420_labels.png 4 ok [(0, 0, 0), (255, 0, 0), (255, 255, 0), (255, 255, 255)]
L.2489324_labels.png 4 ok [(0, 0, 0), (255, 0, 0), (255, 255, 0), (255, 255, 255)]
L.2509958_labels.png 4 ok [(0, 0, 0), (255, 0, 0), (255, 255, 0), (255, 255, 255)]
L.2571799_labels.png 4 ok [(0, 0, 0), (255, 0, 0), (255, 255, 0), (255, 255, 255)]
L.2592773_labels.png 4 ok [(0, 0, 0), (255, 0, 0), (255, 255, 0), (255, 255, 255)]
L.2608838_labels.png 4 ok [(0, 0, 0), (255, 0, 0), (255, 255, 0), (255, 255, 255)]
L.3474871_labels.png 4 ok [(0, 0, 0), (255, 0, 0), (255, 255, 0), (255, 255, 255)]
L.3499241_labels.png 4 ok [(0, 0, 0), (255, 0, 0), (255, 255, 0), (255, 255, 255)]
L.3548739_labels.png 4 ok [(0, 0, 0), (255, 0, 0), (255, 255, 0), (255, 255, 255)]
L.3575783_labels.png 4 ok [(0, 0, 0), (255, 0, 0), (255, 255, 0), (255, 255, 255)]
L.3602388_labels.png 4 ok [(0, 0, 0), (255, 0, 0), (255, 255, 0), (255, 255, 255)]
L_0007231_labels.png 4 ok [(0, 0, 0), (255, 0, 0), (255, 255, 0), (255, 255, 255)]
L_0007337_labels.png 4 ok [(0, 0, 0), (255, 0, 0), (255, 255, 0), (255, 255, 255)]
L_0014277_labels.png 4 ok [(0, 0, 0), (255, 0, 0), (255, 255, 0), (255, 255, 255)]
L_0044156_labels.png 4 ok [(0, 0, 0), (255, 0, 0), (255, 255, 0), (255, 255, 255)]
L_0044240_labels.png 4 ok [(0, 0, 0), (255, 0, 0), (255, 255, 0), (255, 255, 255)]
L_0052013_labels.png 4 ok [(0, 0, 0), (255, 0, 0), (255, 255, 0), (255, 255, 255)]
L_0059912_labels.png 4 ok [(0, 0, 0), (255, 0, 0), (255, 255, 0), (255, 255, 255)]
L_0491067_labels.png 4 ok [(0, 0, 0), (255, 0, 0), (255, 255, 0), (255, 255, 255)]
P00451097_labels.png 3 ok [(0, 0, 0), (255, 0, 0), (255, 255, 255)]
P00642147_labels.png 4 ok [(0, 0, 0), (255, 0, 0), (255, 255, 0), (255, 255, 255)]
P00643727_labels.png 4 ok [(0, 0, 0), (255, 0, 0), (255, 255, 0), (255, 255, 255)]
P00713047_labels.png 4 ok [(0, 0, 0), (255, 0, 0), (255, 255, 0), (255, 255, 255)]
P02132367_labels.png 3 ok [(0, 0, 0), (255, 0, 0), (255, 255, 255)]
P02733867_labels.png 3 ok [(0, 0, 0), (255, 0, 0), (255, 255, 255)]
2018-10-21 12:30:24
2018-10-21 13:58:29
BM000075813_labels.png 4 ok [(0, 0, 0), (255, 0, 0), (255, 255, 0), (255, 255, 255)]
BM000500117_labels.png 4 ok [(0, 0, 0), (255, 0, 0), (255, 255, 0), (255, 255, 255)]
BM000501121_labels.png 4 ok [(0, 0, 0), (255, 0, 0), (255, 255, 0), (255, 255, 255)]
BM000517025_labels.png 4 ok [(0, 0, 0), (255, 0, 0), (255, 255, 0), (255, 255, 255)]
BM000521570_labels.png 4 ok [(0, 0, 0), (255, 0, 0), (255, 255, 0), (255, 255, 255)]
BM000521755_labels.png 4 ok [(0, 0, 0), (255, 0, 0), (255, 255, 0), (255, 255, 255)]
BM000521866_labels.png 4 ok [(0, 0, 0), (255, 0, 0), (255, 255, 0), (255, 255, 255)]
BM000521903_labels.png 4 ok [(0, 0, 0), (255, 0, 0), (255, 255, 0), (255, 255, 255)]
BM000522091_labels.png 4 ok [(0, 0, 0), (255, 0, 0), (255, 255, 0), (255, 255, 255)]
BM000546829_labels.png 4 ok [(0, 0, 0), (255, 0, 0), (255, 255, 0), (255, 255, 255)]
BM000547082_labels.png 4 ok [(0, 0, 0), (255, 0, 0), (255, 255, 0), (255, 255, 255)]
BM000551636_labels.png 4 ok [(0, 0, 0), (255, 0, 0), (255, 255, 0), (255, 255, 255)]
BM000561307_labels.png 4 ok [(0, 0, 0), (255, 0, 0), (255, 255, 0), (255, 255, 255)]
BM000562804_labels.png 4 ok [(0, 0, 0), (255, 0, 0), (255, 255, 0), (255, 255, 255)]
BM000574146_labels.png 4 ok [(0, 0, 0), (255, 0, 0), (255, 255, 0), (255, 255, 255)]
BM000583717_labels.png 4 ok [(0, 0, 0), (255, 0, 0), (255, 255, 0), (255, 255, 255)]
BM000625315_labels.png 4 ok [(0, 0, 0), (255, 0, 0), (255, 255, 0), (255, 255, 255)]
BM000625345_labels.png 4 ok [(0, 0, 0), (255, 0, 0), (255, 255, 0), (255, 255, 255)]
BM000625363_labels.png 4 ok [(0, 0, 0), (255, 0, 0), (255, 255, 0), (255, 255, 255)]
BM000648870_labels.png 4 ok [(0, 0, 0), (255, 0, 0), (255, 255, 0), (255, 255, 255)]
BM000796649_labels.png 4 ok [(0, 0, 0), (255, 0, 0), (255, 255, 0), (255, 255, 255)]
BM000798777_labels.png 4 ok [(0, 0, 0), (255, 0, 0), (255, 255, 0), (255, 255, 255)]
BM000799936_labels.png 4 ok [(0, 0, 0), (255, 0, 0), (255, 255, 0), (255, 255, 255)]
BR0000005158874_labels.png 4 ok [(0, 0, 0), (255, 0, 0), (255, 255, 0), (255, 255, 255)]
BR0000005505173_labels.png 4 ok [(0, 0, 0), (255, 0, 0), (255, 255, 0), (255, 255, 255)]
BR0000005619498_labels.png 4 ok [(0, 0, 0), (255, 0, 0), (255, 255, 0), (255, 255, 255)]
BR0000005619801_labels.png 4 ok [(0, 0, 0), (255, 0, 0), (255, 255, 0), (255, 255, 255)]
BR0000005639113_labels.png 4 ok [(0, 0, 0), (255, 0, 0), (255, 255, 0), (255, 255, 255)]
BR0000005701353_labels.png 4 ok [(0, 0, 0), (255, 0, 0), (255, 255, 0), (255, 255, 255)]
BR0000005785315_labels.png 4 ok [(0, 0, 0), (255, 0, 0), (255, 255, 0), (255, 255, 255)]
BR0000005859337_labels.png 4 ok [(0, 0, 0), (255, 0, 0), (255, 255, 0), (255, 255, 255)]
BR0000005859351_labels.png 4 ok [(0, 0, 0), (255, 0, 0), (255, 255, 0), (255, 255, 255)]
BR0000005859665_labels.png 4 ok [(0, 0, 0), (255, 0, 0), (255, 255, 0), (255, 255, 255)]
BR0000005906826_labels.png 4 ok [(0, 0, 0), (255, 0, 0), (255, 255, 0), (255, 255, 255)]
BR0000005907694_labels.png 4 ok [(0, 0, 0), (255, 0, 0), (255, 255, 0), (255, 255, 255)]
BR0000006250690_labels.png 4 ok [(0, 0, 0), (255, 0, 0), (255, 255, 0), (255, 255, 255)]
BR0000006490454_labels.png 4 ok [(0, 0, 0), (255, 0, 0), (255, 255, 0), (255, 255, 255)]
BR0000006918378_labels.png 4 ok [(0, 0, 0), (255, 0, 0), (255, 255, 0), (255, 255, 255)]
BR0000008245434_labels.png 4 ok [(0, 0, 0), (255, 0, 0), (255, 255, 0), (255, 255, 255)]
BR0000008697363_labels.png 4 ok [(0, 0, 0), (255, 0, 0), (255, 255, 0), (255, 255, 255)]
BR0000008719041_labels.png 4 ok [(0, 0, 0), (255, 0, 0), (255, 255, 0), (255, 255, 255)]
BR0000008864185_labels.png 4 ok [(0, 0, 0), (255, 0, 0), (255, 255, 0), (255, 255, 255)]
BR0000008967527_labels.png 4 ok [(0, 0, 0), (255, 0, 0), (255, 255, 0), (255, 255, 255)]
BR0000009199590_labels.png 4 ok [(0, 0, 0), (255, 0, 0), (255, 255, 0), (255, 255, 255)]
BR0000012450015_labels.png 4 ok [(0, 0, 0), (255, 0, 0), (255, 255, 0), (255, 255, 255)]
BR0000013091514_labels.png 4 ok [(0, 0, 0), (255, 0, 0), (255, 255, 0), (255, 255, 255)]
BR0000013091521_labels.png 4 ok [(0, 0, 0), (255, 0, 0), (255, 255, 0), (255, 255, 255)]
B_10_0002520_labels.png 3 ok [(0, 0, 0), (255, 0, 0), (255, 255, 255)]
B_10_0002521_labels.png 3 ok [(0, 0, 0), (255, 0, 0), (255, 255, 255)]
B_10_0002884_labels.png 3 ok [(0, 0, 0), (255, 0, 0), (255, 255, 255)]
B_10_0003200_labels.png 4 ok [(0, 0, 0), (255, 0, 0), (255, 255, 0), (255, 255, 255)]
B_10_0003450_labels.png 3 ok [(0, 0, 0), (255, 0, 0), (255, 255, 255)]
B_10_0003463_labels.png 3 ok [(0, 0, 0), (255, 0, 0), (255, 255, 255)]
B_10_0003483_labels.png 3 ok [(0, 0, 0), (255, 0, 0), (255, 255, 255)]
B_10_0003484_labels.png 3 ok [(0, 0, 0), (255, 0, 0), (255, 255, 255)]
B_10_0003487_labels.png 3 ok [(0, 0, 0), (255, 0, 0), (255, 255, 255)]
B_10_0005500_labels.png 3 ok [(0, 0, 0), (255, 0, 0), (255, 255, 255)]
B_10_0030420_labels.png 4 ok [(0, 0, 0), (255, 0, 0), (255, 255, 0), (255, 255, 255)]
B_10_0046042_labels.png 3 ok [(0, 0, 0), (255, 0, 0), (255, 255, 255)]
B_10_0049579_labels.png 4 ok [(0, 0, 0), (255, 0, 0), (255, 255, 0), (255, 255, 255)]
B_10_0066610_labels.png 3 ok [(0, 0, 0), (255, 0, 0), (255, 255, 255)]
B_10_0069251_labels.png 3 ok [(0, 0, 0), (255, 0, 0), (255, 255, 255)]
B_10_0086706_labels.png 3 ok [(0, 0, 0), (255, 0, 0), (255, 255, 255)]
B_10_0088191_labels.png 4 ok [(0, 0, 0), (255, 0, 0), (255, 255, 0), (255, 255, 255)]
B_10_0089444_labels.png 3 ok [(0, 0, 0), (255, 0, 0), (255, 255, 255)]
B_10_0089598_labels.png 3 ok [(0, 0, 0), (255, 0, 0), (255, 255, 255)]
B_10_0089768_labels.png 3 ok [(0, 0, 0), (255, 0, 0), (255, 255, 255)]
B_10_0114359_labels.png 3 ok [(0, 0, 0), (255, 0, 0), (255, 255, 255)]
B_10_0127220_labels.png 3 ok [(0, 0, 0), (255, 0, 0), (255, 255, 255)]
B_10_0157339_labels.png 3 ok [(0, 0, 0), (255, 0, 0), (255, 255, 255)]
B_10_0172760_labels.png 3 ok [(0, 0, 0), (255, 0, 0), (255, 255, 255)]
E00001162_labels.png 4 ok [(0, 0, 0), (255, 0, 0), (255, 255, 0), (255, 255, 255)]
E00015443_labels.png 4 ok [(0, 0, 0), (255, 0, 0), (255, 255, 0), (255, 255, 255)]
E00015458_labels.png 4 ok [(0, 0, 0), (255, 0, 0), (255, 255, 0), (255, 255, 255)]
E00016304_labels.png 4 ok [(0, 0, 0), (255, 0, 0), (255, 255, 0), (255, 255, 255)]
E00020889_labels.png 4 ok [(0, 0, 0), (255, 0, 0), (255, 255, 0), (255, 255, 255)]
E00024129_labels.png 4 ok [(0, 0, 0), (255, 0, 0), (255, 255, 0), (255, 255, 255)]
E00024667_labels.png 4 ok [(0, 0, 0), (255, 0, 0), (255, 255, 0), (255, 255, 255)]
E00024823_labels.png 4 ok [(0, 0, 0), (255, 0, 0), (255, 255, 0), (255, 255, 255)]
E00026748_labels.png 4 ok [(0, 0, 0), (255, 0, 0), (255, 255, 0), (255, 255, 255)]
E00026850_labels.png 4 ok [(0, 0, 0), (255, 0, 0), (255, 255, 0), (255, 255, 255)]
E00049052_labels.png 4 ok [(0, 0, 0), (255, 0, 0), (255, 255, 0), (255, 255, 255)]
E00058993_labels.png 4 ok [(0, 0, 0), (255, 0, 0), (255, 255, 0), (255, 255, 255)]
E00059670_labels.png 4 ok [(0, 0, 0), (255, 0, 0), (255, 255, 0), (255, 255, 255)]
E00062538_labels.png 4 ok [(0, 0, 0), (255, 0, 0), (255, 255, 0), (255, 255, 255)]
E00062569_labels.png 4 ok [(0, 0, 0), (255, 0, 0), (255, 255, 0), (255, 255, 255)]
E00064130_labels.png 4 ok [(0, 0, 0), (255, 0, 0), (255, 255, 0), (255, 255, 255)]
E00064237_labels.png 4 ok [(0, 0, 0), (255, 0, 0), (255, 255, 0), (255, 255, 255)]
E00064383_labels.png 4 ok [(0, 0, 0), (255, 0, 0), (255, 255, 0), (255, 255, 255)]
E00065413_labels.png 4 ok [(0, 0, 0), (255, 0, 0), (255, 255, 0), (255, 255, 255)]
E00065427_labels.png 4 ok [(0, 0, 0), (255, 0, 0), (255, 255, 0), (255, 255, 255)]
E00065926_labels.png 4 ok [(0, 0, 0), (255, 0, 0), (255, 255, 0), (255, 255, 255)]
E00067488_labels.png 4 ok [(0, 0, 0), (255, 0, 0), (255, 255, 0), (255, 255, 255)]
E00071177_labels.png 4 ok [(0, 0, 0), (255, 0, 0), (255, 255, 0), (255, 255, 255)]
E00072327_labels.png 4 ok [(0, 0, 0), (255, 0, 0), (255, 255, 0), (255, 255, 255)]
E00073048_labels.png 4 ok [(0, 0, 0), (255, 0, 0), (255, 255, 0), (255, 255, 255)]
E00074392_labels.png 4 ok [(0, 0, 0), (255, 0, 0), (255, 255, 0), (255, 255, 255)]
E00074915_labels.png 4 ok [(0, 0, 0), (255, 0, 0), (255, 255, 0), (255, 255, 255)]
E00087190_labels.png 4 ok [(0, 0, 0), (255, 0, 0), (255, 255, 0), (255, 255, 255)]
E00088095_labels.png 4 ok [(0, 0, 0), (255, 0, 0), (255, 255, 0), (255, 255, 255)]
E00094197_labels.png 4 ok [(0, 0, 0), (255, 0, 0), (255, 255, 0), (255, 255, 255)]
E00105239_labels.png 4 ok [(0, 0, 0), (255, 0, 0), (255, 255, 0), (255, 255, 255)]
E00112411_labels.png 4 ok [(0, 0, 0), (255, 0, 0), (255, 255, 0), (255, 255, 255)]
E00113189_labels.png 4 ok [(0, 0, 0), (255, 0, 0), (255, 255, 0), (255, 255, 255)]
E00117381_labels.png 4 ok [(0, 0, 0), (255, 0, 0), (255, 255, 0), (255, 255, 255)]
E00117382_labels.png 4 ok [(0, 0, 0), (255, 0, 0), (255, 255, 0), (255, 255, 255)]
E00120460_labels.png 4 ok [(0, 0, 0), (255, 0, 0), (255, 255, 0), (255, 255, 255)]
E00127288_labels.png 4 ok [(0, 0, 0), (255, 0, 0), (255, 255, 0), (255, 255, 255)]
E00128162_labels.png 4 ok [(0, 0, 0), (255, 0, 0), (255, 255, 0), (255, 255, 255)]
E00134418_labels.png 4 ok [(0, 0, 0), (255, 0, 0), (255, 255, 0), (255, 255, 255)]
E00134537_labels.png 4 ok [(0, 0, 0), (255, 0, 0), (255, 255, 0), (255, 255, 255)]
E00137807_labels.png 4 ok [(0, 0, 0), (255, 0, 0), (255, 255, 0), (255, 255, 255)]
E00141058_labels.png 4 ok [(0, 0, 0), (255, 0, 0), (255, 255, 0), (255, 255, 255)]
E00144488_labels.png 4 ok [(0, 0, 0), (255, 0, 0), (255, 255, 0), (255, 255, 255)]
EIG.1060_labels.png 4 ok [(0, 0, 0), (255, 0, 0), (255, 255, 0), (255, 255, 255)]
EIG.1068_labels.png 4 ok [(0, 0, 0), (255, 0, 0), (255, 255, 0), (255, 255, 255)]
EIG.1074_labels.png 4 ok [(0, 0, 0), (255, 0, 0), (255, 255, 0), (255, 255, 255)]
EIG.1261_labels.png 4 ok [(0, 0, 0), (255, 0, 0), (255, 255, 0), (255, 255, 255)]
EIG.1651_labels.png 4 ok [(0, 0, 0), (255, 0, 0), (255, 255, 0), (255, 255, 255)]
EIG.2190_labels.png 4 ok [(0, 0, 0), (255, 0, 0), (255, 255, 0), (255, 255, 255)]
EIG.2377_labels.png 4 ok [(0, 0, 0), (255, 0, 0), (255, 255, 0), (255, 255, 255)]
EIG.2379_labels.png 4 ok [(0, 0, 0), (255, 0, 0), (255, 255, 0), (255, 255, 255)]
EIG.2380_labels.png 4 ok [(0, 0, 0), (255, 0, 0), (255, 255, 0), (255, 255, 255)]
EIG.2381_labels.png 4 ok [(0, 0, 0), (255, 0, 0), (255, 255, 0), (255, 255, 255)]
EIG.2382_labels.png 4 ok [(0, 0, 0), (255, 0, 0), (255, 255, 0), (255, 255, 255)]
EIG.2748_labels.png 4 ok [(0, 0, 0), (255, 0, 0), (255, 255, 0), (255, 255, 255)]
EIG.2751_labels.png 4 ok [(0, 0, 0), (255, 0, 0), (255, 255, 0), (255, 255, 255)]
EIG.2770_labels.png 4 ok [(0, 0, 0), (255, 0, 0), (255, 255, 0), (255, 255, 255)]
EIG.2840_labels.png 4 ok [(0, 0, 0), (255, 0, 0), (255, 255, 0), (255, 255, 255)]
EIG.3022_labels.png 4 ok [(0, 0, 0), (255, 0, 0), (255, 255, 0), (255, 255, 255)]
EIG.381_labels.png 4 ok [(0, 0, 0), (255, 0, 0), (255, 255, 0), (255, 255, 255)]
EIG.436_labels.png 4 ok [(0, 0, 0), (255, 0, 0), (255, 255, 0), (255, 255, 255)]
EIG.437_labels.png 4 ok [(0, 0, 0), (255, 0, 0), (255, 255, 0), (255, 255, 255)]
EIG.5686_labels.png 4 ok [(0, 0, 0), (255, 0, 0), (255, 255, 0), (255, 255, 255)]
EIG.6494_labels.png 4 ok [(0, 0, 0), (255, 0, 0), (255, 255, 0), (255, 255, 255)]
EIG.6714_labels.png 4 ok [(0, 0, 0), (255, 0, 0), (255, 255, 0), (255, 255, 255)]
EIG.6727_labels.png 4 ok [(0, 0, 0), (255, 0, 0), (255, 255, 0), (255, 255, 255)]
EIG.6762_labels.png 4 ok [(0, 0, 0), (255, 0, 0), (255, 255, 0), (255, 255, 255)]
EIG.6763_labels.png 4 ok [(0, 0, 0), (255, 0, 0), (255, 255, 0), (255, 255, 255)]
EIG.6951_labels.png 4 ok [(0, 0, 0), (255, 0, 0), (255, 255, 0), (255, 255, 255)]
EIG.7034_labels.png 4 ok [(0, 0, 0), (255, 0, 0), (255, 255, 0), (255, 255, 255)]
EIG.7053_labels.png 4 ok [(0, 0, 0), (255, 0, 0), (255, 255, 0), (255, 255, 255)]
EIG.7060_labels.png 4 ok [(0, 0, 0), (255, 0, 0), (255, 255, 0), (255, 255, 255)]
EIG.7061_labels.png 4 ok [(0, 0, 0), (255, 0, 0), (255, 255, 0), (255, 255, 255)]
EIG.7145_labels.png 4 ok [(0, 0, 0), (255, 0, 0), (255, 255, 0), (255, 255, 255)]
EIG.7147_labels.png 4 ok [(0, 0, 0), (255, 0, 0), (255, 255, 0), (255, 255, 255)]
EIG.7151_labels.png 4 ok [(0, 0, 0), (255, 0, 0), (255, 255, 0), (255, 255, 255)]
EIG.7234_labels.png 4 ok [(0, 0, 0), (255, 0, 0), (255, 255, 0), (255, 255, 255)]
EIG.7443_labels.png 4 ok [(0, 0, 0), (255, 0, 0), (255, 255, 0), (255, 255, 255)]
EIG.7613_labels.png 4 ok [(0, 0, 0), (255, 0, 0), (255, 255, 0), (255, 255, 255)]
EIG.7743_labels.png 4 ok [(0, 0, 0), (255, 0, 0), (255, 255, 0), (255, 255, 255)]
EIG.7788_labels.png 4 ok [(0, 0, 0), (255, 0, 0), (255, 255, 0), (255, 255, 255)]
EIG.7879_labels.png 4 ok [(0, 0, 0), (255, 0, 0), (255, 255, 0), (255, 255, 255)]
EIG.8123_labels.png 4 ok [(0, 0, 0), (255, 0, 0), (255, 255, 0), (255, 255, 255)]
EIG.8145_labels.png 4 ok [(0, 0, 0), (255, 0, 0), (255, 255, 0), (255, 255, 255)]
EIG.8147_labels.png 4 ok [(0, 0, 0), (255, 0, 0), (255, 255, 0), (255, 255, 255)]
EIG.8322_labels.png 4 ok [(0, 0, 0), (255, 0, 0), (255, 255, 0), (255, 255, 255)]
H.1027349_labels.png 4 ok [(0, 0, 0), (255, 0, 0), (255, 255, 0), (255, 255, 255)]
H.1027364_labels.png 4 ok [(0, 0, 0), (255, 0, 0), (255, 255, 0), (255, 255, 255)]
H.1034530_labels.png 4 ok [(0, 0, 0), (255, 0, 0), (255, 255, 0), (255, 255, 255)]
H.1056221_labels.png 4 ok [(0, 0, 0), (255, 0, 0), (255, 255, 0), (255, 255, 255)]
H.1056223_labels.png 4 ok [(0, 0, 0), (255, 0, 0), (255, 255, 0), (255, 255, 255)]
H.1056231_labels.png 4 ok [(0, 0, 0), (255, 0, 0), (255, 255, 0), (255, 255, 255)]
H.1069760_labels.png 4 ok [(0, 0, 0), (255, 0, 0), (255, 255, 0), (255, 255, 255)]
H.1073986_labels.png 4 ok [(0, 0, 0), (255, 0, 0), (255, 255, 0), (255, 255, 255)]
K000013094_labels.png 4 ok [(0, 0, 0), (255, 0, 0), (255, 255, 0), (255, 255, 255)]
K000018358_labels.png 4 ok [(0, 0, 0), (255, 0, 0), (255, 255, 0), (255, 255, 255)]
K000025814_labels.png 4 ok [(0, 0, 0), (255, 0, 0), (255, 255, 0), (255, 255, 255)]
K000049450_labels.png 4 ok [(0, 0, 0), (255, 0, 0), (255, 255, 0), (255, 255, 255)]
K000056711_labels.png 4 ok [(0, 0, 0), (255, 0, 0), (255, 255, 0), (255, 255, 255)]
K000203580_labels.png 4 ok [(0, 0, 0), (255, 0, 0), (255, 255, 0), (255, 255, 255)]
K000242782_labels.png 4 ok [(0, 0, 0), (255, 0, 0), (255, 255, 0), (255, 255, 255)]
K000345684_labels.png 4 ok [(0, 0, 0), (255, 0, 0), (255, 255, 0), (255, 255, 255)]
K000363593_labels.png 4 ok [(0, 0, 0), (255, 0, 0), (255, 255, 0), (255, 255, 255)]
K000406288_labels.png 4 ok [(0, 0, 0), (255, 0, 0), (255, 255, 0), (255, 255, 255)]
K000414594_labels.png 4 ok [(0, 0, 0), (255, 0, 0), (255, 255, 0), (255, 255, 255)]
K000432519_labels.png 4 ok [(0, 0, 0), (255, 0, 0), (255, 255, 0), (255, 255, 255)]
K000536956_labels.png 4 ok [(0, 0, 0), (255, 0, 0), (255, 255, 0), (255, 255, 255)]
K000543516_labels.png 4 ok [(0, 0, 0), (255, 0, 0), (255, 255, 0), (255, 255, 255)]
K000555694_labels.png 4 ok [(0, 0, 0), (255, 0, 0), (255, 255, 0), (255, 255, 255)]
K000773108_labels.png 4 ok [(0, 0, 0), (255, 0, 0), (255, 255, 0), (255, 255, 255)]
K000773177_labels.png 4 ok [(0, 0, 0), (255, 0, 0), (255, 255, 0), (255, 255, 255)]
K000807303_labels.png 4 ok [(0, 0, 0), (255, 0, 0), (255, 255, 0), (255, 255, 255)]
K000811192_labels.png 4 ok [(0, 0, 0), (255, 0, 0), (255, 255, 0), (255, 255, 255)]
K000821274_labels.png 4 ok [(0, 0, 0), (255, 0, 0), (255, 255, 0), (255, 255, 255)]
K000821741_labels.png 4 ok [(0, 0, 0), (255, 0, 0), (255, 255, 0), (255, 255, 255)]
K000828739_labels.png 4 ok [(0, 0, 0), (255, 0, 0), (255, 255, 0), (255, 255, 255)]
K000830619_labels.png 4 ok [(0, 0, 0), (255, 0, 0), (255, 255, 0), (255, 255, 255)]
K000833124_labels.png 4 ok [(0, 0, 0), (255, 0, 0), (255, 255, 0), (255, 255, 255)]
K000912136_labels.png 4 ok [(0, 0, 0), (255, 0, 0), (255, 255, 0), (255, 255, 255)]
K000912223_labels.png 4 ok [(0, 0, 0), (255, 0, 0), (255, 255, 0), (255, 255, 255)]
K000930539_labels.png 4 ok [(0, 0, 0), (255, 0, 0), (255, 255, 0), (255, 255, 255)]
K000954210_labels.png 4 ok [(0, 0, 0), (255, 0, 0), (255, 255, 0), (255, 255, 255)]
K000965982_labels.png 4 ok [(0, 0, 0), (255, 0, 0), (255, 255, 0), (255, 255, 255)]
K000972625_labels.png 4 ok [(0, 0, 0), (255, 0, 0), (255, 255, 0), (255, 255, 255)]
K000996455_labels.png 4 ok [(0, 0, 0), (255, 0, 0), (255, 255, 0), (255, 255, 255)]
K001031711_labels.png 4 ok [(0, 0, 0), (255, 0, 0), (255, 255, 0), (255, 255, 255)]
K001044911_labels.png 4 ok [(0, 0, 0), (255, 0, 0), (255, 255, 0), (255, 255, 255)]
K001049375_labels.png 4 ok [(0, 0, 0), (255, 0, 0), (255, 255, 0), (255, 255, 255)]
K001054528_labels.png 4 ok [(0, 0, 0), (255, 0, 0), (255, 255, 0), (255, 255, 255)]
K001136340_labels.png 4 ok [(0, 0, 0), (255, 0, 0), (255, 255, 0), (255, 255, 255)]
L.1188986_labels.png 4 ok [(0, 0, 0), (255, 0, 0), (255, 255, 0), (255, 255, 255)]
L.1339282_labels.png 4 ok [(0, 0, 0), (255, 0, 0), (255, 255, 0), (255, 255, 255)]
L.1374725_labels.png 4 ok [(0, 0, 0), (255, 0, 0), (255, 255, 0), (255, 255, 255)]
L.1408236_labels.png 4 ok [(0, 0, 0), (255, 0, 0), (255, 255, 0), (255, 255, 255)]
L.1421587_labels.png 4 ok [(0, 0, 0), (255, 0, 0), (255, 255, 0), (255, 255, 255)]
L.1490251_labels.png 4 ok [(0, 0, 0), (255, 0, 0), (255, 255, 0), (255, 255, 255)]
L.1537752_labels.png 4 ok [(0, 0, 0), (255, 0, 0), (255, 255, 0), (255, 255, 255)]
L.1616068_labels.png 4 ok [(0, 0, 0), (255, 0, 0), (255, 255, 0), (255, 255, 255)]
L.1620333_labels.png 4 ok [(0, 0, 0), (255, 0, 0), (255, 255, 0), (255, 255, 255)]
L.1751618_labels.png 4 ok [(0, 0, 0), (255, 0, 0), (255, 255, 0), (255, 255, 255)]
L.1785984_labels.png 4 ok [(0, 0, 0), (255, 0, 0), (255, 255, 0), (255, 255, 255)]
L.1794692_labels.png 4 ok [(0, 0, 0), (255, 0, 0), (255, 255, 0), (255, 255, 255)]
L.1805114_labels.png 4 ok [(0, 0, 0), (255, 0, 0), (255, 255, 0), (255, 255, 255)]
L.1933299_labels.png 4 ok [(0, 0, 0), (255, 0, 0), (255, 255, 0), (255, 255, 255)]
L.1934962_labels.png 4 ok [(0, 0, 0), (255, 0, 0), (255, 255, 0), (255, 255, 255)]
L.2074028_labels.png 4 ok [(0, 0, 0), (255, 0, 0), (255, 255, 0), (255, 255, 255)]
L.2074347_labels.png 4 ok [(0, 0, 0), (255, 0, 0), (255, 255, 0), (255, 255, 255)]
L.2109497_labels.png 4 ok [(0, 0, 0), (255, 0, 0), (255, 255, 0), (255, 255, 255)]
L.2116756_labels.png 4 ok [(0, 0, 0), (255, 0, 0), (255, 255, 0), (255, 255, 255)]
L.2153797_labels.png 4 ok [(0, 0, 0), (255, 0, 0), (255, 255, 0), (255, 255, 255)]
L.2168354_labels.png 4 ok [(0, 0, 0), (255, 0, 0), (255, 255, 0), (255, 255, 255)]
L.2180891_labels.png 4 ok [(0, 0, 0), (255, 0, 0), (255, 255, 0), (255, 255, 255)]
L.2258736_labels.png 4 ok [(0, 0, 0), (255, 0, 0), (255, 255, 0), (255, 255, 255)]
L.2259981_labels.png 4 ok [(0, 0, 0), (255, 0, 0), (255, 255, 0), (255, 255, 255)]
L.2291420_labels.png 4 ok [(0, 0, 0), (255, 0, 0), (255, 255, 0), (255, 255, 255)]
L.2489324_labels.png 4 ok [(0, 0, 0), (255, 0, 0), (255, 255, 0), (255, 255, 255)]
L.2509958_labels.png 4 ok [(0, 0, 0), (255, 0, 0), (255, 255, 0), (255, 255, 255)]
L.2571799_labels.png 4 ok [(0, 0, 0), (255, 0, 0), (255, 255, 0), (255, 255, 255)]
L.2592773_labels.png 4 ok [(0, 0, 0), (255, 0, 0), (255, 255, 0), (255, 255, 255)]
L.2608838_labels.png 4 ok [(0, 0, 0), (255, 0, 0), (255, 255, 0), (255, 255, 255)]
L.3474871_labels.png 4 ok [(0, 0, 0), (255, 0, 0), (255, 255, 0), (255, 255, 255)]
L.3499241_labels.png 4 ok [(0, 0, 0), (255, 0, 0), (255, 255, 0), (255, 255, 255)]
L.3548739_labels.png 4 ok [(0, 0, 0), (255, 0, 0), (255, 255, 0), (255, 255, 255)]
L.3575783_labels.png 4 ok [(0, 0, 0), (255, 0, 0), (255, 255, 0), (255, 255, 255)]
L.3602388_labels.png 4 ok [(0, 0, 0), (255, 0, 0), (255, 255, 0), (255, 255, 255)]
L_0007231_labels.png 4 ok [(0, 0, 0), (255, 0, 0), (255, 255, 0), (255, 255, 255)]
L_0007337_labels.png 4 ok [(0, 0, 0), (255, 0, 0), (255, 255, 0), (255, 255, 255)]
L_0014277_labels.png 4 ok [(0, 0, 0), (255, 0, 0), (255, 255, 0), (255, 255, 255)]
L_0044156_labels.png 4 ok [(0, 0, 0), (255, 0, 0), (255, 255, 0), (255, 255, 255)]
L_0044240_labels.png 4 ok [(0, 0, 0), (255, 0, 0), (255, 255, 0), (255, 255, 255)]
L_0052013_labels.png 4 ok [(0, 0, 0), (255, 0, 0), (255, 255, 0), (255, 255, 255)]
L_0059912_labels.png 4 ok [(0, 0, 0), (255, 0, 0), (255, 255, 0), (255, 255, 255)]
L_0491067_labels.png 4 ok [(0, 0, 0), (255, 0, 0), (255, 255, 0), (255, 255, 255)]
P00451097_labels.png 3 ok [(0, 0, 0), (255, 0, 0), (255, 255, 255)]
P00642147_labels.png 4 ok [(0, 0, 0), (255, 0, 0), (255, 255, 0), (255, 255, 255)]
P00643727_labels.png 4 ok [(0, 0, 0), (255, 0, 0), (255, 255, 0), (255, 255, 255)]
P00713047_labels.png 4 ok [(0, 0, 0), (255, 0, 0), (255, 255, 0), (255, 255, 255)]
P02132367_labels.png 3 ok [(0, 0, 0), (255, 0, 0), (255, 255, 255)]
P02733867_labels.png 3 ok [(0, 0, 0), (255, 0, 0), (255, 255, 255)]
2018-10-21 14:34:28
2018-10-21 14:34:28
BM000075813_instances.png OK
BM000500117_instances.png OK
BM000501121_instances.png OK
BM000517025_instances.png OK
BM000521570_instances.png OK
BM000521755_instances.png OK
BM000521866_instances.png OK
BM000521903_instances.png OK
BM000522091_instances.png OK
BM000546829_instances.png OK
BM000547082_instances.png OK
BM000551636_instances.png OK
BM000561307_instances.png OK
BM000562804_instances.png OK
BM000574146_instances.png OK
BM000583717_instances.png OK
BM000625315_instances.png OK
BM000625345_instances.png OK
BM000625363_instances.png OK
BM000648870_instances.png OK
BM000796649_instances.png OK
BM000798777_instances.png OK
BM000799936_instances.png OK
BR0000005158874_instances.png OK
BR0000005505173_instances.png OK
BR0000005619498_instances.png OK
BR0000005619801_instances.png OK
BR0000005639113_instances.png OK
BR0000005701353_instances.png OK
BR0000005785315_instances.png OK
BR0000005859337_instances.png OK
BR0000005859351_instances.png OK
BR0000005859665_instances.png OK
BR0000005906826_instances.png OK
BR0000005907694_instances.png OK
BR0000006250690_instances.png OK
BR0000006490454_instances.png OK
BR0000006918378_instances.png OK
BR0000008245434_instances.png OK
BR0000008697363_instances.png OK
BR0000008719041_instances.png OK
BR0000008864185_instances.png OK
BR0000008967527_instances.png OK
BR0000009199590_instances.png OK
BR0000012450015_instances.png OK
BR0000013091514_instances.png OK
BR0000013091521_instances.png OK
B_10_0002520_instances.png OK
B_10_0002521_instances.png OK
B_10_0002884_instances.png OK
B_10_0003200_instances.png OK
B_10_0003450_instances.png OK
B_10_0003463_instances.png OK
B_10_0003483_instances.png OK
B_10_0003484_instances.png OK
B_10_0003487_instances.png OK
B_10_0005500_instances.png OK
B_10_0030420_instances.png OK
B_10_0046042_instances.png OK
B_10_0049579_instances.png OK
B_10_0066610_instances.png OK
B_10_0069251_instances.png OK
B_10_0086706_instances.png OK
B_10_0088191_instances.png OK
B_10_0089444_instances.png OK
B_10_0089598_instances.png OK
B_10_0089768_instances.png OK
B_10_0114359_instances.png OK
B_10_0127220_instances.png OK
B_10_0157339_instances.png OK
B_10_0172760_instances.png OK
E00001162_instances.png OK
E00015443_instances.png OK
E00015458_instances.png OK
E00016304_instances.png OK
E00020889_instances.png OK
E00024129_instances.png OK
E00024667_instances.png OK
E00024823_instances.png OK
E00026748_instances.png OK
E00026850_instances.png OK
E00049052_instances.png OK
E00058993_instances.png OK
E00059670_instances.png OK
E00062538_instances.png OK
E00062569_instances.png OK
E00064130_instances.png OK
E00064237_instances.png OK
E00064383_instances.png OK
E00065413_instances.png OK
E00065427_instances.png OK
E00065926_instances.png OK
E00067488_instances.png OK
E00071177_instances.png OK
E00072327_instances.png OK
E00073048_instances.png OK
E00074392_instances.png OK
E00074915_instances.png OK
E00087190_instances.png OK
E00088095_instances.png OK
E00094197_instances.png OK
E00105239_instances.png OK
E00112411_instances.png OK
E00113189_instances.png OK
E00117381_instances.png OK
E00117382_instances.png OK
E00120460_instances.png OK
E00127288_instances.png OK
E00128162_instances.png OK
E00134418_instances.png OK
E00134537_instances.png OK
E00137807_instances.png OK
E00141058_instances.png OK
E00144488_instances.png OK
EIG.1060_instances.png OK
EIG.1068_instances.png OK
EIG.1074_instances.png OK
EIG.1261_instances.png OK
EIG.1651_instances.png OK
EIG.2190_instances.png OK
EIG.2377_instances.png OK
EIG.2379_instances.png OK
EIG.2380_instances.png OK
EIG.2381_instances.png OK
EIG.2382_instances.png OK
EIG.2748_instances.png OK
EIG.2751_instances.png OK
EIG.2770_instances.png OK
EIG.2840_instances.png OK
EIG.3022_instances.png OK
EIG.381_instances.png OK
EIG.436_instances.png OK
EIG.437_instances.png OK
EIG.5686_instances.png OK
EIG.6494_instances.png OK
EIG.6714_instances.png OK
EIG.6727_instances.png OK
EIG.6762_instances.png OK
EIG.6763_instances.png OK
EIG.6951_instances.png OK
EIG.7034_instances.png OK
EIG.7053_instances.png OK
EIG.7060_instances.png OK
EIG.7061_instances.png OK
EIG.7145_instances.png OK
EIG.7147_instances.png OK
EIG.7151_instances.png OK
EIG.7234_instances.png OK
EIG.7443_instances.png OK
EIG.7613_instances.png OK
EIG.7743_instances.png OK
EIG.7788_instances.png OK
EIG.7879_instances.png OK
EIG.8123_instances.png OK
EIG.8145_instances.png OK
EIG.8147_instances.png OK
EIG.8322_instances.png OK
H.1027349_instances.png OK
H.1027364_instances.png OK
H.1034530_instances.png OK
H.1056221_instances.png OK
H.1056223_instances.png OK
H.1056231_instances.png OK
H.1069760_instances.png OK
H.1073986_instances.png OK
K000013094_instances.png OK
K000018358_instances.png OK
K000025814_instances.png OK
K000049450_instances.png OK
K000056711_instances.png OK
K000203580_instances.png OK
K000242782_instances.png OK
K000345684_instances.png OK
K000363593_instances.png OK
K000406288_instances.png OK
K000414594_instances.png OK
K000432519_instances.png OK
K000536956_instances.png OK
K000543516_instances.png OK
K000555694_instances.png OK
K000773108_instances.png OK
K000773177_instances.png OK
K000807303_instances.png OK
K000811192_instances.png OK
K000821274_instances.png OK
K000821741_instances.png OK
K000828739_instances.png OK
K000830619_instances.png OK
K000833124_instances.png OK
K000912136_instances.png OK
K000912223_instances.png OK
K000930539_instances.png OK
K000954210_instances.png OK
K000965982_instances.png OK
K000972625_instances.png OK
K000996455_instances.png OK
K001031711_instances.png OK
K001044911_instances.png OK
K001049375_instances.png OK
K001054528_instances.png OK
K001136340_instances.png OK
L.1188986_instances.png OK
L.1339282_instances.png OK
L.1374725_instances.png OK
L.1408236_instances.png OK
L.1421587_instances.png OK
L.1490251_instances.png OK
L.1537752_instances.png OK
L.1616068_instances.png OK
L.1620333_instances.png OK
L.1751618_instances.png OK
L.1785984_instances.png OK
L.1794692_instances.png OK
L.1805114_instances.png OK
L.1933299_instances.png OK
L.1934962_instances.png OK
L.2074028_instances.png OK
L.2074347_instances.png OK
L.2109497_instances.png OK
L.2116756_instances.png OK
L.2153797_instances.png OK
L.2168354_instances.png OK
L.2180891_instances.png OK
L.2258736_instances.png OK
L.2259981_instances.png OK
L.2291420_instances.png OK
L.2489324_instances.png OK
L.2509958_instances.png OK
L.2571799_instances.png OK
L.2592773_instances.png OK
L.2608838_instances.png OK
L.3474871_instances.png OK
L.3499241_instances.png OK
L.3548739_instances.png OK
L.3575783_instances.png OK
L.3602388_instances.png OK
L_0007231_instances.png OK
L_0007337_instances.png OK
L_0014277_instances.png OK
L_0044156_instances.png OK
L_0044240_instances.png OK
L_0052013_instances.png OK
L_0059912_instances.png OK
L_0491067_instances.png OK
P00451097_instances.png OK
P00642147_instances.png OK
P00643727_instances.png OK
P00713047_instances.png OK
P02132367_instances.png OK
P02733867_instances.png OK
2018-10-21 15:05:12
2018-10-21 15:05:12
OK:in BM000075813_instances.png ( 1653408 ) BM000075813_labels.png ( 1653408 )
OK:in BM000500117_instances.png ( 1384075 ) BM000500117_labels.png ( 1384075 )
OK:in BM000501121_instances.png ( 1712729 ) BM000501121_labels.png ( 1712729 )
OK:in BM000517025_instances.png ( 1667951 ) BM000517025_labels.png ( 1667951 )
OK:in BM000521570_instances.png ( 1738676 ) BM000521570_labels.png ( 1738676 )
OK:in BM000521755_instances.png ( 1496269 ) BM000521755_labels.png ( 1496269 )
OK:in BM000521866_instances.png ( 1716816 ) BM000521866_labels.png ( 1716816 )
OK:in BM000521903_instances.png ( 1703540 ) BM000521903_labels.png ( 1703540 )
OK:in BM000522091_instances.png ( 1632579 ) BM000522091_labels.png ( 1632579 )
OK:in BM000546829_instances.png ( 1733676 ) BM000546829_labels.png ( 1733676 )
OK:in BM000547082_instances.png ( 1620001 ) BM000547082_labels.png ( 1620001 )
OK:in BM000551636_instances.png ( 1625298 ) BM000551636_labels.png ( 1625298 )
OK:in BM000561307_instances.png ( 1683561 ) BM000561307_labels.png ( 1683561 )
OK:in BM000562804_instances.png ( 1817397 ) BM000562804_labels.png ( 1817397 )
OK:in BM000574146_instances.png ( 1696578 ) BM000574146_labels.png ( 1696578 )
OK:in BM000583717_instances.png ( 1481042 ) BM000583717_labels.png ( 1481042 )
OK:in BM000625315_instances.png ( 1689517 ) BM000625315_labels.png ( 1689517 )
OK:in BM000625345_instances.png ( 1892755 ) BM000625345_labels.png ( 1892755 )
OK:in BM000625363_instances.png ( 1910930 ) BM000625363_labels.png ( 1910930 )
OK:in BM000648870_instances.png ( 1830734 ) BM000648870_labels.png ( 1830734 )
OK:in BM000796649_instances.png ( 1641863 ) BM000796649_labels.png ( 1641863 )
OK:in BM000798777_instances.png ( 1769773 ) BM000798777_labels.png ( 1769773 )
OK:in BM000799936_instances.png ( 1583104 ) BM000799936_labels.png ( 1583104 )
OK:in BR0000005158874_instances.png ( 1702651 ) BR0000005158874_labels.png ( 1702651 )
OK:in BR0000005505173_instances.png ( 1678739 ) BR0000005505173_labels.png ( 1678739 )
OK:in BR0000005619498_instances.png ( 1687610 ) BR0000005619498_labels.png ( 1687610 )
OK:in BR0000005619801_instances.png ( 1639501 ) BR0000005619801_labels.png ( 1639501 )
OK:in BR0000005639113_instances.png ( 1518272 ) BR0000005639113_labels.png ( 1518272 )
OK:in BR0000005701353_instances.png ( 1558554 ) BR0000005701353_labels.png ( 1558554 )
OK:in BR0000005785315_instances.png ( 1732889 ) BR0000005785315_labels.png ( 1732889 )
OK:in BR0000005859337_instances.png ( 1664156 ) BR0000005859337_labels.png ( 1664156 )
OK:in BR0000005859351_instances.png ( 1667159 ) BR0000005859351_labels.png ( 1667159 )
OK:in BR0000005859665_instances.png ( 1656640 ) BR0000005859665_labels.png ( 1656640 )
OK:in BR0000005906826_instances.png ( 1785504 ) BR0000005906826_labels.png ( 1785504 )
OK:in BR0000005907694_instances.png ( 1674298 ) BR0000005907694_labels.png ( 1674298 )
OK:in BR0000006250690_instances.png ( 1440156 ) BR0000006250690_labels.png ( 1440156 )
OK:in BR0000006490454_instances.png ( 1546888 ) BR0000006490454_labels.png ( 1546888 )
OK:in BR0000006918378_instances.png ( 1661147 ) BR0000006918378_labels.png ( 1661147 )
OK:in BR0000008245434_instances.png ( 1553926 ) BR0000008245434_labels.png ( 1553926 )
OK:in BR0000008697363_instances.png ( 1270399 ) BR0000008697363_labels.png ( 1270399 )
OK:in BR0000008719041_instances.png ( 1311275 ) BR0000008719041_labels.png ( 1311275 )
OK:in BR0000008864185_instances.png ( 1326447 ) BR0000008864185_labels.png ( 1326447 )
OK:in BR0000008967527_instances.png ( 1566530 ) BR0000008967527_labels.png ( 1566530 )
OK:in BR0000009199590_instances.png ( 1483494 ) BR0000009199590_labels.png ( 1483494 )
OK:in BR0000012450015_instances.png ( 1715445 ) BR0000012450015_labels.png ( 1715445 )
OK:in BR0000013091514_instances.png ( 1579168 ) BR0000013091514_labels.png ( 1579168 )
OK:in BR0000013091521_instances.png ( 1588291 ) BR0000013091521_labels.png ( 1588291 )
OK:in B_10_0002520_instances.png ( 1798829 ) B_10_0002520_labels.png ( 1798829 )
OK:in B_10_0002521_instances.png ( 1763581 ) B_10_0002521_labels.png ( 1763581 )
OK:in B_10_0002884_instances.png ( 1789038 ) B_10_0002884_labels.png ( 1789038 )
OK:in B_10_0003200_instances.png ( 1485047 ) B_10_0003200_labels.png ( 1485047 )
OK:in B_10_0003450_instances.png ( 1803994 ) B_10_0003450_labels.png ( 1803994 )
OK:in B_10_0003463_instances.png ( 1857976 ) B_10_0003463_labels.png ( 1857976 )
OK:in B_10_0003483_instances.png ( 1868684 ) B_10_0003483_labels.png ( 1868684 )
OK:in B_10_0003484_instances.png ( 1816542 ) B_10_0003484_labels.png ( 1816542 )
OK:in B_10_0003487_instances.png ( 1845598 ) B_10_0003487_labels.png ( 1845598 )
OK:in B_10_0005500_instances.png ( 1861819 ) B_10_0005500_labels.png ( 1861819 )
OK:in B_10_0030420_instances.png ( 1592191 ) B_10_0030420_labels.png ( 1592191 )
OK:in B_10_0046042_instances.png ( 1798091 ) B_10_0046042_labels.png ( 1798091 )
OK:in B_10_0049579_instances.png ( 1590764 ) B_10_0049579_labels.png ( 1590764 )
OK:in B_10_0066610_instances.png ( 1786327 ) B_10_0066610_labels.png ( 1786327 )
OK:in B_10_0069251_instances.png ( 1798630 ) B_10_0069251_labels.png ( 1798630 )
OK:in B_10_0086706_instances.png ( 1838060 ) B_10_0086706_labels.png ( 1838060 )
OK:in B_10_0088191_instances.png ( 1736889 ) B_10_0088191_labels.png ( 1736889 )
OK:in B_10_0089444_instances.png ( 1857099 ) B_10_0089444_labels.png ( 1857099 )
OK:in B_10_0089598_instances.png ( 1826407 ) B_10_0089598_labels.png ( 1826407 )
OK:in B_10_0089768_instances.png ( 1824980 ) B_10_0089768_labels.png ( 1824980 )
OK:in B_10_0114359_instances.png ( 1778844 ) B_10_0114359_labels.png ( 1778844 )
OK:in B_10_0127220_instances.png ( 1846123 ) B_10_0127220_labels.png ( 1846123 )
OK:in B_10_0157339_instances.png ( 1844928 ) B_10_0157339_labels.png ( 1844928 )
OK:in B_10_0172760_instances.png ( 1831549 ) B_10_0172760_labels.png ( 1831549 )
OK:in E00001162_instances.png ( 1701058 ) E00001162_labels.png ( 1701058 )
OK:in E00015443_instances.png ( 1817507 ) E00015443_labels.png ( 1817507 )
OK:in E00015458_instances.png ( 1540667 ) E00015458_labels.png ( 1540667 )
OK:in E00016304_instances.png ( 1619277 ) E00016304_labels.png ( 1619277 )
OK:in E00020889_instances.png ( 1796261 ) E00020889_labels.png ( 1796261 )
OK:in E00024129_instances.png ( 1835208 ) E00024129_labels.png ( 1835208 )
OK:in E00024667_instances.png ( 1584590 ) E00024667_labels.png ( 1584590 )
OK:in E00024823_instances.png ( 1746740 ) E00024823_labels.png ( 1746740 )
OK:in E00026748_instances.png ( 1691391 ) E00026748_labels.png ( 1691391 )
OK:in E00026850_instances.png ( 1564017 ) E00026850_labels.png ( 1564017 )
OK:in E00049052_instances.png ( 1391957 ) E00049052_labels.png ( 1391957 )
OK:in E00058993_instances.png ( 1599917 ) E00058993_labels.png ( 1599917 )
OK:in E00059670_instances.png ( 1697984 ) E00059670_labels.png ( 1697984 )
OK:in E00062538_instances.png ( 1703323 ) E00062538_labels.png ( 1703323 )
OK:in E00062569_instances.png ( 1659533 ) E00062569_labels.png ( 1659533 )
OK:in E00064130_instances.png ( 1697018 ) E00064130_labels.png ( 1697018 )
OK:in E00064237_instances.png ( 1743964 ) E00064237_labels.png ( 1743964 )
OK:in E00064383_instances.png ( 1732539 ) E00064383_labels.png ( 1732539 )
OK:in E00065413_instances.png ( 1722189 ) E00065413_labels.png ( 1722189 )
OK:in E00065427_instances.png ( 1705029 ) E00065427_labels.png ( 1705029 )
OK:in E00065926_instances.png ( 1710129 ) E00065926_labels.png ( 1710129 )
OK:in E00067488_instances.png ( 1566973 ) E00067488_labels.png ( 1566973 )
OK:in E00071177_instances.png ( 1712412 ) E00071177_labels.png ( 1712412 )
OK:in E00072327_instances.png ( 1682807 ) E00072327_labels.png ( 1682807 )
OK:in E00073048_instances.png ( 1776708 ) E00073048_labels.png ( 1776708 )
OK:in E00074392_instances.png ( 1672208 ) E00074392_labels.png ( 1672208 )
OK:in E00074915_instances.png ( 1762769 ) E00074915_labels.png ( 1762769 )
OK:in E00087190_instances.png ( 1662574 ) E00087190_labels.png ( 1662574 )
OK:in E00088095_instances.png ( 1782827 ) E00088095_labels.png ( 1782827 )
OK:in E00094197_instances.png ( 1777252 ) E00094197_labels.png ( 1777252 )
OK:in E00105239_instances.png ( 1579198 ) E00105239_labels.png ( 1579198 )
OK:in E00112411_instances.png ( 1661939 ) E00112411_labels.png ( 1661939 )
OK:in E00113189_instances.png ( 1736361 ) E00113189_labels.png ( 1736361 )
OK:in E00117381_instances.png ( 1656724 ) E00117381_labels.png ( 1656724 )
OK:in E00117382_instances.png ( 1622700 ) E00117382_labels.png ( 1622700 )
OK:in E00120460_instances.png ( 1661601 ) E00120460_labels.png ( 1661601 )
OK:in E00127288_instances.png ( 1698681 ) E00127288_labels.png ( 1698681 )
OK:in E00128162_instances.png ( 1792171 ) E00128162_labels.png ( 1792171 )
OK:in E00134418_instances.png ( 1767590 ) E00134418_labels.png ( 1767590 )
OK:in E00134537_instances.png ( 1748695 ) E00134537_labels.png ( 1748695 )
OK:in E00137807_instances.png ( 1752777 ) E00137807_labels.png ( 1752777 )
OK:in E00141058_instances.png ( 1689205 ) E00141058_labels.png ( 1689205 )
OK:in E00144488_instances.png ( 1755644 ) E00144488_labels.png ( 1755644 )
OK:in EIG.1060_instances.png ( 1808182 ) EIG.1060_labels.png ( 1808182 )
OK:in EIG.1068_instances.png ( 1817308 ) EIG.1068_labels.png ( 1817308 )
OK:in EIG.1074_instances.png ( 1814730 ) EIG.1074_labels.png ( 1814730 )
OK:in EIG.1261_instances.png ( 1776708 ) EIG.1261_labels.png ( 1776708 )
OK:in EIG.1651_instances.png ( 1843679 ) EIG.1651_labels.png ( 1843679 )
OK:in EIG.2190_instances.png ( 1827760 ) EIG.2190_labels.png ( 1827760 )
OK:in EIG.2377_instances.png ( 1718580 ) EIG.2377_labels.png ( 1718580 )
OK:in EIG.2379_instances.png ( 1829587 ) EIG.2379_labels.png ( 1829587 )
OK:in EIG.2380_instances.png ( 1787855 ) EIG.2380_labels.png ( 1787855 )
OK:in EIG.2381_instances.png ( 1805554 ) EIG.2381_labels.png ( 1805554 )
OK:in EIG.2382_instances.png ( 1852581 ) EIG.2382_labels.png ( 1852581 )
OK:in EIG.2748_instances.png ( 1766405 ) EIG.2748_labels.png ( 1766405 )
OK:in EIG.2751_instances.png ( 1790525 ) EIG.2751_labels.png ( 1790525 )
OK:in EIG.2770_instances.png ( 1853051 ) EIG.2770_labels.png ( 1853051 )
OK:in EIG.2840_instances.png ( 1782642 ) EIG.2840_labels.png ( 1782642 )
OK:in EIG.3022_instances.png ( 1823500 ) EIG.3022_labels.png ( 1823500 )
OK:in EIG.381_instances.png ( 1715854 ) EIG.381_labels.png ( 1715854 )
OK:in EIG.436_instances.png ( 1793665 ) EIG.436_labels.png ( 1793665 )
OK:in EIG.437_instances.png ( 1793580 ) EIG.437_labels.png ( 1793580 )
OK:in EIG.5686_instances.png ( 1859538 ) EIG.5686_labels.png ( 1859538 )
OK:in EIG.6494_instances.png ( 1852110 ) EIG.6494_labels.png ( 1852110 )
OK:in EIG.6714_instances.png ( 1907806 ) EIG.6714_labels.png ( 1907806 )
OK:in EIG.6727_instances.png ( 1891967 ) EIG.6727_labels.png ( 1891967 )
OK:in EIG.6762_instances.png ( 1769325 ) EIG.6762_labels.png ( 1769325 )
OK:in EIG.6763_instances.png ( 1836969 ) EIG.6763_labels.png ( 1836969 )
OK:in EIG.6951_instances.png ( 1820058 ) EIG.6951_labels.png ( 1820058 )
OK:in EIG.7034_instances.png ( 1801651 ) EIG.7034_labels.png ( 1801651 )
OK:in EIG.7053_instances.png ( 1824958 ) EIG.7053_labels.png ( 1824958 )
OK:in EIG.7060_instances.png ( 1813138 ) EIG.7060_labels.png ( 1813138 )
OK:in EIG.7061_instances.png ( 1773886 ) EIG.7061_labels.png ( 1773886 )
OK:in EIG.7145_instances.png ( 1805166 ) EIG.7145_labels.png ( 1805166 )
OK:in EIG.7147_instances.png ( 1834453 ) EIG.7147_labels.png ( 1834453 )
OK:in EIG.7151_instances.png ( 1808214 ) EIG.7151_labels.png ( 1808214 )
OK:in EIG.7234_instances.png ( 1740487 ) EIG.7234_labels.png ( 1740487 )
OK:in EIG.7443_instances.png ( 1807338 ) EIG.7443_labels.png ( 1807338 )
OK:in EIG.7613_instances.png ( 1851199 ) EIG.7613_labels.png ( 1851199 )
OK:in EIG.7743_instances.png ( 1839349 ) EIG.7743_labels.png ( 1839349 )
OK:in EIG.7788_instances.png ( 1763364 ) EIG.7788_labels.png ( 1763364 )
OK:in EIG.7879_instances.png ( 1824871 ) EIG.7879_labels.png ( 1824871 )
OK:in EIG.8123_instances.png ( 1831529 ) EIG.8123_labels.png ( 1831529 )
OK:in EIG.8145_instances.png ( 1870956 ) EIG.8145_labels.png ( 1870956 )
OK:in EIG.8147_instances.png ( 1800817 ) EIG.8147_labels.png ( 1800817 )
OK:in EIG.8322_instances.png ( 1773475 ) EIG.8322_labels.png ( 1773475 )
OK:in H.1027349_instances.png ( 1771232 ) H.1027349_labels.png ( 1771232 )
OK:in H.1027364_instances.png ( 1831030 ) H.1027364_labels.png ( 1831030 )
OK:in H.1034530_instances.png ( 1863036 ) H.1034530_labels.png ( 1863036 )
OK:in H.1056221_instances.png ( 1829597 ) H.1056221_labels.png ( 1829597 )
OK:in H.1056223_instances.png ( 1823332 ) H.1056223_labels.png ( 1823332 )
OK:in H.1056231_instances.png ( 1852802 ) H.1056231_labels.png ( 1852802 )
OK:in H.1069760_instances.png ( 1865911 ) H.1069760_labels.png ( 1865911 )
OK:in H.1073986_instances.png ( 1834134 ) H.1073986_labels.png ( 1834134 )
OK:in K000013094_instances.png ( 1741552 ) K000013094_labels.png ( 1741552 )
OK:in K000018358_instances.png ( 1685159 ) K000018358_labels.png ( 1685159 )
OK:in K000025814_instances.png ( 1551721 ) K000025814_labels.png ( 1551721 )
OK:in K000049450_instances.png ( 1587199 ) K000049450_labels.png ( 1587199 )
OK:in K000056711_instances.png ( 1601311 ) K000056711_labels.png ( 1601311 )
OK:in K000203580_instances.png ( 1684431 ) K000203580_labels.png ( 1684431 )
OK:in K000242782_instances.png ( 1493224 ) K000242782_labels.png ( 1493224 )
OK:in K000345684_instances.png ( 1271379 ) K000345684_labels.png ( 1271379 )
OK:in K000363593_instances.png ( 1535096 ) K000363593_labels.png ( 1535096 )
OK:in K000406288_instances.png ( 1669091 ) K000406288_labels.png ( 1669091 )
OK:in K000414594_instances.png ( 1524967 ) K000414594_labels.png ( 1524967 )
OK:in K000432519_instances.png ( 1698980 ) K000432519_labels.png ( 1698980 )
OK:in K000536956_instances.png ( 1758627 ) K000536956_labels.png ( 1758627 )
OK:in K000543516_instances.png ( 1634606 ) K000543516_labels.png ( 1634606 )
OK:in K000555694_instances.png ( 1600750 ) K000555694_labels.png ( 1600750 )
OK:in K000773108_instances.png ( 1793100 ) K000773108_labels.png ( 1793100 )
OK:in K000773177_instances.png ( 1504481 ) K000773177_labels.png ( 1504481 )
OK:in K000807303_instances.png ( 1723349 ) K000807303_labels.png ( 1723349 )
OK:in K000811192_instances.png ( 1791932 ) K000811192_labels.png ( 1791932 )
OK:in K000821274_instances.png ( 1685678 ) K000821274_labels.png ( 1685678 )
OK:in K000821741_instances.png ( 1560549 ) K000821741_labels.png ( 1560549 )
OK:in K000828739_instances.png ( 1683186 ) K000828739_labels.png ( 1683186 )
OK:in K000830619_instances.png ( 1740394 ) K000830619_labels.png ( 1740394 )
OK:in K000833124_instances.png ( 1703751 ) K000833124_labels.png ( 1703751 )
OK:in K000912136_instances.png ( 1869945 ) K000912136_labels.png ( 1869945 )
OK:in K000912223_instances.png ( 1934334 ) K000912223_labels.png ( 1934334 )
OK:in K000930539_instances.png ( 1887773 ) K000930539_labels.png ( 1887773 )
OK:in K000954210_instances.png ( 1914696 ) K000954210_labels.png ( 1914696 )
OK:in K000965982_instances.png ( 1787973 ) K000965982_labels.png ( 1787973 )
OK:in K000972625_instances.png ( 1931267 ) K000972625_labels.png ( 1931267 )
OK:in K000996455_instances.png ( 1682367 ) K000996455_labels.png ( 1682367 )
OK:in K001031711_instances.png ( 1761868 ) K001031711_labels.png ( 1761868 )
OK:in K001044911_instances.png ( 1595273 ) K001044911_labels.png ( 1595273 )
OK:in K001049375_instances.png ( 1752755 ) K001049375_labels.png ( 1752755 )
OK:in K001054528_instances.png ( 1911783 ) K001054528_labels.png ( 1911783 )
OK:in K001136340_instances.png ( 1810372 ) K001136340_labels.png ( 1810372 )
OK:in L.1188986_instances.png ( 1765905 ) L.1188986_labels.png ( 1765905 )
OK:in L.1339282_instances.png ( 1747900 ) L.1339282_labels.png ( 1747900 )
OK:in L.1374725_instances.png ( 1794139 ) L.1374725_labels.png ( 1794139 )
OK:in L.1408236_instances.png ( 1693240 ) L.1408236_labels.png ( 1693240 )
OK:in L.1421587_instances.png ( 1795738 ) L.1421587_labels.png ( 1795738 )
OK:in L.1490251_instances.png ( 1804397 ) L.1490251_labels.png ( 1804397 )
OK:in L.1537752_instances.png ( 1846919 ) L.1537752_labels.png ( 1846919 )
OK:in L.1616068_instances.png ( 1659295 ) L.1616068_labels.png ( 1659295 )
OK:in L.1620333_instances.png ( 1763785 ) L.1620333_labels.png ( 1763785 )
OK:in L.1751618_instances.png ( 1679815 ) L.1751618_labels.png ( 1679815 )
OK:in L.1785984_instances.png ( 1618516 ) L.1785984_labels.png ( 1618516 )
OK:in L.1794692_instances.png ( 1684014 ) L.1794692_labels.png ( 1684014 )
OK:in L.1805114_instances.png ( 1685810 ) L.1805114_labels.png ( 1685810 )
OK:in L.1933299_instances.png ( 1805874 ) L.1933299_labels.png ( 1805874 )
OK:in L.1934962_instances.png ( 1780904 ) L.1934962_labels.png ( 1780904 )
OK:in L.2074028_instances.png ( 1876066 ) L.2074028_labels.png ( 1876066 )
OK:in L.2074347_instances.png ( 1881054 ) L.2074347_labels.png ( 1881054 )
OK:in L.2109497_instances.png ( 1783894 ) L.2109497_labels.png ( 1783894 )
OK:in L.2116756_instances.png ( 1589047 ) L.2116756_labels.png ( 1589047 )
OK:in L.2153797_instances.png ( 1612445 ) L.2153797_labels.png ( 1612445 )
OK:in L.2168354_instances.png ( 1684924 ) L.2168354_labels.png ( 1684924 )
OK:in L.2180891_instances.png ( 1651117 ) L.2180891_labels.png ( 1651117 )
OK:in L.2258736_instances.png ( 1754468 ) L.2258736_labels.png ( 1754468 )
OK:in L.2259981_instances.png ( 1720456 ) L.2259981_labels.png ( 1720456 )
OK:in L.2291420_instances.png ( 1740763 ) L.2291420_labels.png ( 1740763 )
OK:in L.2489324_instances.png ( 1704141 ) L.2489324_labels.png ( 1704141 )
OK:in L.2509958_instances.png ( 1809060 ) L.2509958_labels.png ( 1809060 )
OK:in L.2571799_instances.png ( 1759787 ) L.2571799_labels.png ( 1759787 )
OK:in L.2592773_instances.png ( 1803350 ) L.2592773_labels.png ( 1803350 )
OK:in L.2608838_instances.png ( 1797551 ) L.2608838_labels.png ( 1797551 )
OK:in L.3474871_instances.png ( 1699500 ) L.3474871_labels.png ( 1699500 )
OK:in L.3499241_instances.png ( 1759673 ) L.3499241_labels.png ( 1759673 )
OK:in L.3548739_instances.png ( 1780661 ) L.3548739_labels.png ( 1780661 )
OK:in L.3575783_instances.png ( 1817939 ) L.3575783_labels.png ( 1817939 )
OK:in L.3602388_instances.png ( 1833229 ) L.3602388_labels.png ( 1833229 )
OK:in L_0007231_instances.png ( 1755758 ) L_0007231_labels.png ( 1755758 )
OK:in L_0007337_instances.png ( 1808699 ) L_0007337_labels.png ( 1808699 )
OK:in L_0014277_instances.png ( 1731109 ) L_0014277_labels.png ( 1731109 )
OK:in L_0044156_instances.png ( 1789905 ) L_0044156_labels.png ( 1789905 )
OK:in L_0044240_instances.png ( 1732506 ) L_0044240_labels.png ( 1732506 )
OK:in L_0052013_instances.png ( 1724574 ) L_0052013_labels.png ( 1724574 )
OK:in L_0059912_instances.png ( 1699580 ) L_0059912_labels.png ( 1699580 )
OK:in L_0491067_instances.png ( 1654267 ) L_0491067_labels.png ( 1654267 )
OK:in P00451097_instances.png ( 1883817 ) P00451097_labels.png ( 1883817 )
OK:in P00642147_instances.png ( 1795160 ) P00642147_labels.png ( 1795160 )
OK:in P00643727_instances.png ( 1709719 ) P00643727_labels.png ( 1709719 )
OK:in P00713047_instances.png ( 1722725 ) P00713047_labels.png ( 1722725 )
OK:in P02132367_instances.png ( 1799349 ) P02132367_labels.png ( 1799349 )
OK:in P02733867_instances.png ( 1820304 ) P02733867_labels.png ( 1820304 )
2018-10-21 15:14:38

